#
# A fatal error has been detected by the Java Runtime Environment:
#
#  EXCEPTION_ACCESS_VIOLATION (0xc0000005) at pc=0x00007ff8da17d0a0, pid=14604, tid=3036
#
# JRE version: OpenJDK Runtime Environment Temurin-17.0.10+7 (17.0.10+7) (build 17.0.10+7)
# Java VM: OpenJDK 64-Bit Server VM Temurin-17.0.10+7 (17.0.10+7, mixed mode, tiered, compressed oops, compressed class ptrs, parallel gc, windows-amd64)
# Problematic frame:
# V  [jvm.dll+0x9bd0a0]
#
# No core dump will be written. Minidumps are not enabled by default on client versions of Windows
#
# If you would like to submit a bug report, please visit:
#   https://github.com/adoptium/adoptium-support/issues
#

---------------  S U M M A R Y ------------

Command Line: --add-modules=ALL-SYSTEM --add-opens=java.base/java.util=ALL-UNNAMED --add-opens=java.base/java.lang=ALL-UNNAMED --add-opens=java.base/sun.nio.fs=ALL-UNNAMED -Declipse.application=org.eclipse.jdt.ls.core.id1 -Dosgi.bundles.defaultStartLevel=4 -Declipse.product=org.eclipse.jdt.ls.core.product -Djava.import.generatesMetadataFilesAtProjectRoot=false -DDetectVMInstallationsJob.disabled=true -Dfile.encoding=utf8 -XX:+UseParallelGC -XX:GCTimeRatio=4 -XX:AdaptiveSizePolicyWeight=90 -Dsun.zip.disableMemoryMapping=true -Xmx2G -Xms100m -Xlog:disable -javaagent:c:\Users\USER\.vscode\extensions\redhat.java-1.28.1-win32-x64\lombok\lombok-1.18.31.jar -XX:+HeapDumpOnOutOfMemoryError -XX:HeapDumpPath=c:\Users\USER\AppData\Roaming\Code\User\workspaceStorage\348ec68ac81c33aba6f0fd2040b2ee88\redhat.java -Daether.dependencyCollector.impl=bf c:\Users\USER\.vscode\extensions\redhat.java-1.28.1-win32-x64\server\plugins\org.eclipse.equinox.launcher_1.6.700.v20231214-2017.jar -configuration c:\Users\USER\AppData\Roaming\Code\User\globalStorage\redhat.java\1.28.1\config_win -data c:\Users\USER\AppData\Roaming\Code\User\workspaceStorage\348ec68ac81c33aba6f0fd2040b2ee88\redhat.java\jdt_ws --stdio

Host: 12th Gen Intel(R) Core(TM) i7-12700K, 20 cores, 31G,  Windows 11 , 64 bit Build 22621 (10.0.22621.3085)
Time: Tue Mar  5 19:15:01 2024  Windows 11 , 64 bit Build 22621 (10.0.22621.3085) elapsed time: 2709.577262 seconds (0d 0h 45m 9s)

---------------  T H R E A D  ---------------

Current thread (0x0000012938582730):  GCTaskThread "GC Thread#2" [stack: 0x0000001647600000,0x0000001647700000] [id=3036]

Stack: [0x0000001647600000,0x0000001647700000],  sp=0x00000016476ff7e8,  free space=1021k
Native frames: (J=compiled Java code, j=interpreted, Vv=VM code, C=native code)
V  [jvm.dll+0x9bd0a0]


siginfo: EXCEPTION_ACCESS_VIOLATION (0xc0000005), data execution prevention violation at address 0x00007ff8da17d0a0


Registers:
RAX=0x0000000000000129, RBX=0x00000129358a0090, RCX=0x00000016476ff840, RDX=0x000000008208d5b8
RSP=0x00000016476ff7e8, RBP=0x00007ff8da0dbb90, RSI=0x00007ff8da171158, RDI=0x000000000000cfbc
R8 =0x0000000100600200, R9 =0x0000000000000001, R10=0x0000000000000000, R11=0x00000000000006bf
R12=0x00000016462fefe8, R13=0x0000000000000010, R14=0x00007ff8da2ec7a0, R15=0x0000000000000000
RIP=0x00007ff8da17d0a0, EFLAGS=0x0000000000010206


Register to memory mapping:

RIP=0x00007ff8da17d0a0 jvm.dll
RAX=0x0000000000000129 is an unknown value
RBX=0x00000129358a0090 points into unknown readable memory: 0x00000129305778a0 | a0 78 57 30 29 01 00 00
RCX=0x00000016476ff840 points into unknown readable memory: 0x00007ff8da171158 | 58 11 17 da f8 7f 00 00
RDX=0x000000008208d5b8 points into unknown readable memory: 0x0000000000000009 | 09 00 00 00 00 00 00 00
RSP=0x00000016476ff7e8 points into unknown readable memory: 0x00007ff8d9e706a4 | a4 06 e7 d9 f8 7f 00 00
RBP=0x00007ff8da0dbb90 jvm.dll
RSI=0x00007ff8da171158 jvm.dll
RDI=0x000000000000cfbc is an unknown value
R8 =0x0000000100600200 is pointing into metadata
R9 =0x0000000000000001 is an unknown value
R10=0x0 is NULL
R11=0x00000000000006bf is an unknown value
R12=0x00000016462fefe8 points into unknown readable memory: 0x000000000000000f | 0f 00 00 00 00 00 00 00
R13=0x0000000000000010 is an unknown value
R14=0x00007ff8da2ec7a0 jvm.dll
R15=0x0 is NULL


Top of Stack: (sp=0x00000016476ff7e8)
0x00000016476ff7e8:   00007ff8d9e706a4 00007ff8da171158
0x00000016476ff7f8:   00000129358a0090 00007ff8da0dbb90
0x00000016476ff808:   000000000000cfc9 0000000000000000
0x00000016476ff818:   0000012900000000 00000129358a0090
0x00000016476ff828:   00007ff8d9e6e581 0000000081b1bef0
0x00000016476ff838:   00007ff8d99b6a04 00007ff8da171158
0x00000016476ff848:   000001291a306070 0000000100000003
0x00000016476ff858:   00000129358a0090 0000000000000000
0x00000016476ff868:   0000000000000000 0000000000000009
0x00000016476ff878:   000000009141c8c8 00007ff8da2ec7a0
0x00000016476ff888:   000000000000000c 00000129358a0090
0x00000016476ff898:   00007ff8d9e78de1 000000000000000c
0x00000016476ff8a8:   00007ff8da171158 00000129358a0090
0x00000016476ff8b8:   00007ff8da171158 00000000914168b8
0x00000016476ff8c8:   00007ff800001000 00007ff8da171158
0x00000016476ff8d8:   000001291a306070 0000000000000003
0x00000016476ff8e8:   00000129358a0090 0000000000000009
0x00000016476ff8f8:   00000016462fefe0 00000016462fefa8
0x00000016476ff908:   00000016462feea0 00000016462feea0
0x00000016476ff918:   00007ff8d9e79cfa 0000000000000005
0x00000016476ff928:   00000016476ff9a0 0000000081b1be90
0x00000016476ff938:   0000012938582730 00000016462ff240
0x00000016476ff948:   0000012935bfb980 0000000900000002
0x00000016476ff958:   00000129358a0090 00007ff8da171948
0x00000016476ff968:   00000129358a0090 00007ff8da171b50
0x00000016476ff978:   0000000000000009 0000000000000000
0x00000016476ff988:   0000000000000000 0000000000000000
0x00000016476ff998:   0000ce41b1693782 0000000000000000
0x00000016476ff9a8:   0000012938582730 0000000000000000
0x00000016476ff9b8:   0000000000000000 00000016462feea0
0x00000016476ff9c8:   0000012938582730 0000000000000000
0x00000016476ff9d8:   00007ff8da02226b 000000000000000a 

Instructions: (pc=0x00007ff8da17d0a0)
0x00007ff8da17cfa0:   3e 00 00 00 00 00 00 00 20 20 20 20 20 20 57 52
0x00007ff8da17cfb0:   3a 20 54 68 72 65 61 64 20 52 6f 6f 74 73 00 00
0x00007ff8da17cfc0:   20 20 20 20 20 20 57 52 3a 20 43 6f 64 65 20 43
0x00007ff8da17cfd0:   61 63 68 65 20 52 6f 6f 74 73 00 00 00 00 00 00
0x00007ff8da17cfe0:   20 20 20 20 20 20 57 52 3a 20 56 4d 20 53 74 72
0x00007ff8da17cff0:   6f 6e 67 20 52 6f 6f 74 73 00 00 00 00 00 00 00
0x00007ff8da17d000:   20 20 20 20 20 20 57 52 3a 20 56 4d 20 57 65 61
0x00007ff8da17d010:   6b 20 52 6f 6f 74 73 00 20 20 20 20 20 20 57 52
0x00007ff8da17d020:   3a 20 43 4c 44 47 20 52 6f 6f 74 73 00 00 00 00
0x00007ff8da17d030:   20 20 20 20 20 20 57 52 3a 20 55 6e 6c 6f 61 64
0x00007ff8da17d040:   20 43 6f 64 65 20 43 61 63 68 65 73 00 00 00 00
0x00007ff8da17d050:   20 20 20 20 20 20 57 52 3a 20 55 6e 6c 69 6e 6b
0x00007ff8da17d060:   20 43 4c 44 73 00 00 00 20 20 20 20 20 20 57 52
0x00007ff8da17d070:   3a 20 57 65 61 6b 20 52 65 66 65 72 65 6e 63 65
0x00007ff8da17d080:   73 00 00 00 00 00 00 00 20 20 20 20 20 20 57 52
0x00007ff8da17d090:   3a 20 50 61 72 61 6c 6c 65 6c 20 4d 61 72 6b 00
0x00007ff8da17d0a0:   20 20 4d 61 6e 61 67 65 20 47 43 2f 54 4c 41 42
0x00007ff8da17d0b0:   73 00 00 00 00 00 00 00 20 20 43 68 6f 6f 73 65
0x00007ff8da17d0c0:   20 43 6f 6c 6c 65 63 74 69 6f 6e 20 53 65 74 00
0x00007ff8da17d0d0:   20 20 52 65 62 75 69 6c 64 20 46 72 65 65 20 53
0x00007ff8da17d0e0:   65 74 00 00 00 00 00 00 20 20 49 6e 69 74 69 61
0x00007ff8da17d0f0:   6c 20 45 76 61 63 75 61 74 69 6f 6e 00 00 00 00
0x00007ff8da17d100:   20 20 20 20 45 3a 20 3c 74 6f 74 61 6c 3e 00 00
0x00007ff8da17d110:   20 20 20 20 45 3a 20 54 68 72 65 61 64 20 52 6f
0x00007ff8da17d120:   6f 74 73 00 00 00 00 00 20 20 20 20 45 3a 20 43
0x00007ff8da17d130:   6f 64 65 20 43 61 63 68 65 20 52 6f 6f 74 73 00
0x00007ff8da17d140:   20 20 20 20 45 3a 20 56 4d 20 53 74 72 6f 6e 67
0x00007ff8da17d150:   20 52 6f 6f 74 73 00 00 20 20 20 20 45 3a 20 56
0x00007ff8da17d160:   4d 20 57 65 61 6b 20 52 6f 6f 74 73 00 00 00 00
0x00007ff8da17d170:   20 20 20 20 45 3a 20 43 4c 44 47 20 52 6f 6f 74
0x00007ff8da17d180:   73 00 00 00 00 00 00 00 20 20 20 20 45 3a 20 55
0x00007ff8da17d190:   6e 6c 6f 61 64 20 43 6f 64 65 20 43 61 63 68 65 


Stack slot to memory mapping:
stack at sp + 0 slots: 0x00007ff8d9e706a4 jvm.dll
stack at sp + 1 slots: 0x00007ff8da171158 jvm.dll
stack at sp + 2 slots: 0x00000129358a0090 points into unknown readable memory: 0x00000129305778a0 | a0 78 57 30 29 01 00 00
stack at sp + 3 slots: 0x00007ff8da0dbb90 jvm.dll
stack at sp + 4 slots: 0x000000000000cfc9 is an unknown value
stack at sp + 5 slots: 0x0 is NULL
stack at sp + 6 slots: 0x0000012900000000 is an unknown value
stack at sp + 7 slots: 0x00000129358a0090 points into unknown readable memory: 0x00000129305778a0 | a0 78 57 30 29 01 00 00


---------------  P R O C E S S  ---------------

Threads class SMR info:
_java_thread_list=0x000001294e9e0e10, length=55, elements={
0x000001291a2ed580, 0x000001293599c020, 0x000001293599e650, 0x00000129359cf010,
0x00000129359cfe90, 0x00000129359efd40, 0x00000129359f3e30, 0x00000129359f50d0,
0x00000129359fdfd0, 0x0000012935a025f0, 0x000001291a352d30, 0x0000012937eda210,
0x00000129387783a0, 0x00000129389e31b0, 0x00000129389e3690, 0x00000129390574e0,
0x0000012939124d60, 0x0000012938712290, 0x0000012938710430, 0x0000012938711360,
0x0000012938711870, 0x000001293870ff20, 0x0000012939be1820, 0x0000012939be0e00,
0x00000129385f5fb0, 0x00000129385f3220, 0x00000129385f69d0, 0x00000129385f9c70,
0x00000129385f64c0, 0x00000129385f3c40, 0x00000129385f4150, 0x00000129385f7900,
0x00000129385f3730, 0x00000129385f2d10, 0x00000129385f9760, 0x00000129385f5aa0,
0x00000129385f5080, 0x00000129385f7e10, 0x00000129385f8830, 0x00000129385f8d40,
0x0000012939be2240, 0x0000012939be1310, 0x0000012939bdfed0, 0x0000012939be3680,
0x0000012939be08f0, 0x00000129385f5590, 0x00000129385f4b70, 0x00000129385f6ee0,
0x00000129385f9250, 0x00000129385f2800, 0x0000012939bdefa0, 0x0000012939be2c60,
0x0000012939be3170, 0x0000012945c2e050, 0x0000012945c33150
}

Java Threads: ( => current thread )
  0x000001291a2ed580 JavaThread "main" [_thread_blocked, id=20592, stack(0x0000001646000000,0x0000001646100000)]
  0x000001293599c020 JavaThread "Reference Handler" daemon [_thread_blocked, id=13864, stack(0x0000001646300000,0x0000001646400000)]
  0x000001293599e650 JavaThread "Finalizer" daemon [_thread_blocked, id=8832, stack(0x0000001646400000,0x0000001646500000)]
  0x00000129359cf010 JavaThread "Signal Dispatcher" daemon [_thread_blocked, id=16928, stack(0x0000001646500000,0x0000001646600000)]
  0x00000129359cfe90 JavaThread "Attach Listener" daemon [_thread_blocked, id=6344, stack(0x0000001646600000,0x0000001646700000)]
  0x00000129359efd40 JavaThread "Service Thread" daemon [_thread_blocked, id=5676, stack(0x0000001646700000,0x0000001646800000)]
  0x00000129359f3e30 JavaThread "Monitor Deflation Thread" daemon [_thread_blocked, id=21168, stack(0x0000001646800000,0x0000001646900000)]
  0x00000129359f50d0 JavaThread "C2 CompilerThread0" daemon [_thread_blocked, id=4060, stack(0x0000001646900000,0x0000001646a00000)]
  0x00000129359fdfd0 JavaThread "C1 CompilerThread0" daemon [_thread_blocked, id=21280, stack(0x0000001646a00000,0x0000001646b00000)]
  0x0000012935a025f0 JavaThread "Sweeper thread" daemon [_thread_blocked, id=9840, stack(0x0000001646b00000,0x0000001646c00000)]
  0x000001291a352d30 JavaThread "Common-Cleaner" daemon [_thread_blocked, id=1436, stack(0x0000001646c00000,0x0000001646d00000)]
  0x0000012937eda210 JavaThread "Notification Thread" daemon [_thread_blocked, id=21508, stack(0x0000001647100000,0x0000001647200000)]
  0x00000129387783a0 JavaThread "Active Thread: Equinox Container: cabe9495-e7c0-4e46-afdc-997290a14c83" [_thread_blocked, id=3440, stack(0x0000001647a00000,0x0000001647b00000)]
  0x00000129389e31b0 JavaThread "Framework Event Dispatcher: Equinox Container: cabe9495-e7c0-4e46-afdc-997290a14c83" daemon [_thread_blocked, id=19884, stack(0x0000001647b00000,0x0000001647c00000)]
  0x00000129389e3690 JavaThread "Start Level: Equinox Container: cabe9495-e7c0-4e46-afdc-997290a14c83" daemon [_thread_blocked, id=6956, stack(0x0000001647c00000,0x0000001647d00000)]
  0x00000129390574e0 JavaThread "Bundle File Closer" daemon [_thread_blocked, id=7848, stack(0x0000001647f00000,0x0000001648000000)]
  0x0000012939124d60 JavaThread "SCR Component Actor" daemon [_thread_blocked, id=21808, stack(0x0000001648200000,0x0000001648300000)]
  0x0000012938712290 JavaThread "Worker-JM" [_thread_blocked, id=19440, stack(0x0000001648500000,0x0000001648600000)]
  0x0000012938710430 JavaThread "Java indexing" daemon [_thread_blocked, id=992, stack(0x0000001648c00000,0x0000001648d00000)]
  0x0000012938711360 JavaThread "JNA Cleaner" daemon [_thread_blocked, id=16812, stack(0x0000001648d00000,0x0000001648e00000)]
  0x0000012938711870 JavaThread "pool-2-thread-1" [_thread_blocked, id=9040, stack(0x0000001649000000,0x0000001649100000)]
  0x000001293870ff20 JavaThread "WorkspaceEventsHandler" [_thread_blocked, id=17604, stack(0x0000001649100000,0x0000001649200000)]
  0x0000012939be1820 JavaThread "pool-1-thread-1" [_thread_in_native, id=21888, stack(0x0000001649200000,0x0000001649300000)]
  0x0000012939be0e00 JavaThread "pool-3-thread-1" [_thread_in_native, id=19948, stack(0x0000001649900000,0x0000001649a00000)]
  0x00000129385f5fb0 JavaThread "Java Debug Server" daemon [_thread_in_native, id=16644, stack(0x000000164a000000,0x000000164a100000)]
  0x00000129385f3220 JavaThread "pool-4-thread-1" [_thread_in_native, id=16376, stack(0x000000164a100000,0x000000164a200000)]
  0x00000129385f69d0 JavaThread "RxSchedulerPurge-1" daemon [_thread_blocked, id=17092, stack(0x000000164a200000,0x000000164a300000)]
  0x00000129385f9c70 JavaThread "RxCachedWorkerPoolEvictor-1" daemon [_thread_blocked, id=19668, stack(0x000000164a300000,0x000000164a400000)]
  0x00000129385f64c0 JavaThread "RxNewThreadScheduler-1" daemon [_thread_blocked, id=14576, stack(0x000000164a400000,0x000000164a500000)]
  0x00000129385f3c40 JavaThread "process reaper (pid 18976)" daemon [_thread_in_native, id=21648, stack(0x0000001645950000,0x0000001645970000)]
  0x00000129385f4150 JavaThread "Worker-10" [_thread_blocked, id=21060, stack(0x0000001646e00000,0x0000001646f00000)]
  0x00000129385f7900 JavaThread "ForkJoinPool.commonPool-worker-11" daemon [_thread_blocked, id=3732, stack(0x0000001646f00000,0x0000001647000000)]
  0x00000129385f3730 JavaThread "ForkJoinPool.commonPool-worker-12" daemon [_thread_blocked, id=10140, stack(0x0000001647000000,0x0000001647100000)]
  0x00000129385f2d10 JavaThread "ForkJoinPool.commonPool-worker-13" daemon [_thread_blocked, id=21448, stack(0x0000001647300000,0x0000001647400000)]
  0x00000129385f9760 JavaThread "ForkJoinPool.commonPool-worker-14" daemon [_thread_blocked, id=16544, stack(0x0000001647400000,0x0000001647500000)]
  0x00000129385f5aa0 JavaThread "ForkJoinPool.commonPool-worker-16" daemon [_thread_blocked, id=3324, stack(0x0000001648700000,0x0000001648800000)]
  0x00000129385f5080 JavaThread "ForkJoinPool.commonPool-worker-18" daemon [_thread_blocked, id=13224, stack(0x0000001645d00000,0x0000001645e00000)]
  0x00000129385f7e10 JavaThread "ForkJoinPool.commonPool-worker-19" daemon [_thread_blocked, id=8928, stack(0x0000001648e00000,0x0000001648f00000)]
  0x00000129385f8830 JavaThread "ForkJoinPool.commonPool-worker-20" daemon [_thread_blocked, id=17040, stack(0x0000001649300000,0x0000001649400000)]
  0x00000129385f8d40 JavaThread "ForkJoinPool.commonPool-worker-21" daemon [_thread_blocked, id=12968, stack(0x0000001649500000,0x0000001649600000)]
  0x0000012939be2240 JavaThread "ForkJoinPool.commonPool-worker-24" daemon [_thread_blocked, id=18832, stack(0x0000001649800000,0x0000001649900000)]
  0x0000012939be1310 JavaThread "ForkJoinPool.commonPool-worker-26" daemon [_thread_blocked, id=19396, stack(0x0000001649b00000,0x0000001649c00000)]
  0x0000012939bdfed0 JavaThread "ForkJoinPool.commonPool-worker-27" daemon [_thread_blocked, id=21004, stack(0x0000001649c00000,0x0000001649d00000)]
  0x0000012939be3680 JavaThread "ForkJoinPool.commonPool-worker-28" daemon [_thread_blocked, id=7408, stack(0x0000001649d00000,0x0000001649e00000)]
  0x0000012939be08f0 JavaThread "ForkJoinPool.commonPool-worker-29" daemon [_thread_blocked, id=21924, stack(0x0000001649e00000,0x0000001649f00000)]
  0x00000129385f5590 JavaThread "Worker-13" [_thread_blocked, id=12008, stack(0x0000001645f00000,0x0000001646000000)]
  0x00000129385f4b70 JavaThread "ForkJoinPool.commonPool-worker-30" daemon [_thread_blocked, id=14888, stack(0x0000001645e00000,0x0000001645f00000)]
  0x00000129385f6ee0 JavaThread "ForkJoinPool.commonPool-worker-31" daemon [_thread_blocked, id=16236, stack(0x0000001646d00000,0x0000001646e00000)]
  0x00000129385f9250 JavaThread "ForkJoinPool.commonPool-worker-32" daemon [_thread_blocked, id=7468, stack(0x0000001648300000,0x0000001648400000)]
  0x00000129385f2800 JavaThread "ForkJoinPool.commonPool-worker-33" daemon [_thread_blocked, id=7624, stack(0x0000001648800000,0x0000001648900000)]
  0x0000012939bdefa0 JavaThread "ForkJoinPool.commonPool-worker-34" daemon [_thread_blocked, id=8840, stack(0x0000001648f00000,0x0000001649000000)]
  0x0000012939be2c60 JavaThread "Worker-18" [_thread_blocked, id=19552, stack(0x0000001649400000,0x0000001649500000)]
  0x0000012939be3170 JavaThread "Worker-19" [_thread_blocked, id=17916, stack(0x0000001649600000,0x0000001649700000)]
  0x0000012945c2e050 JavaThread "Worker-20" [_thread_blocked, id=13548, stack(0x0000001649700000,0x0000001649800000)]
  0x0000012945c33150 JavaThread "Worker-21" [_thread_blocked, id=9900, stack(0x0000001649a00000,0x0000001649b00000)]

Other Threads:
  0x000001293057e130 VMThread "VM Thread" [stack: 0x0000001646200000,0x0000001646300000] [id=2436]
  0x0000012937ddf420 WatcherThread [stack: 0x0000001647200000,0x0000001647300000] [id=7384]
  0x000001291a304cf0 GCTaskThread "GC Thread#0" [stack: 0x0000001646100000,0x0000001646200000] [id=9500]
  0x0000012938580050 GCTaskThread "GC Thread#1" [stack: 0x0000001647500000,0x0000001647600000] [id=20352]
=>0x0000012938582730 GCTaskThread "GC Thread#2" [stack: 0x0000001647600000,0x0000001647700000] [id=3036]
  0x00000129385829f0 GCTaskThread "GC Thread#3" [stack: 0x0000001647700000,0x0000001647800000] [id=2212]
  0x000001293822f9e0 GCTaskThread "GC Thread#4" [stack: 0x0000001647800000,0x0000001647900000] [id=10784]
  0x000001293822fca0 GCTaskThread "GC Thread#5" [stack: 0x0000001647900000,0x0000001647a00000] [id=21724]
  0x00000129387587a0 GCTaskThread "GC Thread#6" [stack: 0x0000001647d00000,0x0000001647e00000] [id=16808]
  0x0000012938485f80 GCTaskThread "GC Thread#7" [stack: 0x0000001647e00000,0x0000001647f00000] [id=21952]
  0x0000012939078590 GCTaskThread "GC Thread#8" [stack: 0x0000001648000000,0x0000001648100000] [id=17244]
  0x0000012939277620 GCTaskThread "GC Thread#9" [stack: 0x0000001648100000,0x0000001648200000] [id=19612]
  0x00000129390782d0 GCTaskThread "GC Thread#10" [stack: 0x0000001648400000,0x0000001648500000] [id=16552]
  0x0000012939219340 GCTaskThread "GC Thread#11" [stack: 0x0000001648600000,0x0000001648700000] [id=21480]
  0x00000129390dc550 GCTaskThread "GC Thread#12" [stack: 0x0000001648900000,0x0000001648a00000] [id=4776]
  0x0000012939040570 GCTaskThread "GC Thread#13" [stack: 0x0000001648a00000,0x0000001648b00000] [id=8836]
  0x0000012938cfd910 GCTaskThread "GC Thread#14" [stack: 0x0000001648b00000,0x0000001648c00000] [id=18908]

Threads with active compile tasks:

VM state: at safepoint (normal execution)

VM Mutex/Monitor currently owned by a thread:  ([mutex/lock_event])
[0x000001291a2ea810] Threads_lock - owner thread: 0x000001293057e130
[0x000001291a2ea390] Heap_lock - owner thread: 0x00000129385f5aa0

OutOfMemory and StackOverflow Exception counts:
StackOverflowErrors=1
LinkageErrors=93

Heap address: 0x0000000080000000, size: 2048 MB, Compressed Oops mode: 32-bit

CDS archive(s) not mapped
Compressed class space mapped at: 0x0000000100000000-0x0000000140000000, reserved size: 1073741824
Narrow klass base: 0x0000000000000000, Narrow klass shift: 3, Narrow klass range: 0x140000000

GC Precious Log:
 CPUs: 20 total, 20 available
 Memory: 32541M
 Large Page Support: Disabled
 NUMA Support: Disabled
 Compressed Oops: Enabled (32-bit)
 Alignments: Space 512K, Generation 512K, Heap 2M
 Heap Min Capacity: 100M
 Heap Initial Capacity: 100M
 Heap Max Capacity: 2G
 Pre-touch: Disabled
 Parallel Workers: 15

Heap:
 PSYoungGen      total 3072K, used 2547K [0x00000000d5580000, 0x00000000d6b00000, 0x0000000100000000)
  eden space 512K, 0% used [0x00000000d5580000,0x00000000d5580000,0x00000000d5600000)
  from space 2560K, 99% used [0x00000000d5d80000,0x00000000d5ffcda0,0x00000000d6000000)
  to   space 7680K, 0% used [0x00000000d5600000,0x00000000d5600000,0x00000000d5d80000)
 ParOldGen       total 340992K, used 339083K [0x0000000080000000, 0x0000000094d00000, 0x00000000d5580000)
  object space 340992K, 99% used [0x0000000080000000,0x0000000094b22cd8,0x0000000094d00000)
 Metaspace       used 91897K, committed 93120K, reserved 1179648K
  class space    used 9148K, committed 9664K, reserved 1048576K

Card table byte_map: [0x0000012919b90000,0x0000012919fa0000] _byte_map_base: 0x0000012919790000

Marking Bits: (ParMarkBitMap*) 0x00007ff8da35d7d0
 Begin Bits: [0x000001292bf80000, 0x000001292df80000)
 End Bits:   [0x000001292df80000, 0x000001292ff80000)

Polling page: 0x0000012917f10000

Metaspace:

Usage:
  Non-class:     80.81 MB used.
      Class:      8.93 MB used.
       Both:     89.74 MB used.

Virtual space:
  Non-class space:      128.00 MB reserved,      81.50 MB ( 64%) committed,  2 nodes.
      Class space:        1.00 GB reserved,       9.44 MB ( <1%) committed,  1 nodes.
             Both:        1.12 GB reserved,      90.94 MB (  8%) committed. 

Chunk freelists:
   Non-Class:  14.19 MB
       Class:  6.40 MB
        Both:  20.59 MB

MaxMetaspaceSize: unlimited
CompressedClassSpaceSize: 1.00 GB
Initial GC threshold: 21.00 MB
Current GC threshold: 151.38 MB
CDS: off
MetaspaceReclaimPolicy: balanced
 - commit_granule_bytes: 65536.
 - commit_granule_words: 8192.
 - virtual_space_node_default_size: 8388608.
 - enlarge_chunks_in_place: 1.
 - new_chunks_are_fully_committed: 0.
 - uncommit_free_chunks: 1.
 - use_allocation_guard: 0.
 - handle_deallocations: 1.


Internal statistics:

num_allocs_failed_limit: 6.
num_arena_births: 966.
num_arena_deaths: 150.
num_vsnodes_births: 3.
num_vsnodes_deaths: 0.
num_space_committed: 1455.
num_space_uncommitted: 0.
num_chunks_returned_to_freelist: 171.
num_chunks_taken_from_freelist: 4969.
num_chunk_merges: 66.
num_chunk_splits: 3058.
num_chunks_enlarged: 1836.
num_inconsistent_stats: 0.

CodeHeap 'non-profiled nmethods': size=119168Kb used=26807Kb max_used=26807Kb free=92361Kb
 bounds [0x0000012924b20000, 0x0000012926570000, 0x000001292bf80000]
CodeHeap 'profiled nmethods': size=119104Kb used=37424Kb max_used=38168Kb free=81679Kb
 bounds [0x000001291cf80000, 0x000001291f500000, 0x00000129243d0000]
CodeHeap 'non-nmethods': size=7488Kb used=1420Kb max_used=3181Kb free=6067Kb
 bounds [0x00000129243d0000, 0x0000012924700000, 0x0000012924b20000]
 total_blobs=18692 nmethods=17925 adapters=678
 compilation: enabled
              stopped_count=0, restarted_count=0
 full_count=0

Compilation events (20 events):
Event: 2706.572 Thread 0x00000129359f50d0 25525   !   4       com.microsoft.java.builder.jdtbuilder.ClasspathJar::cleanup (307 bytes)
Event: 2706.572 Thread 0x00000129359f50d0 nmethod 25525 0x0000012926275e10 code [0x0000012926275f80, 0x0000012926276038]
Event: 2706.635 Thread 0x00000129359fdfd0 25526       3       org.eclipse.jdt.internal.core.search.indexing.SourceIndexerRequestor::acceptTypeReference (43 bytes)
Event: 2706.636 Thread 0x00000129359fdfd0 nmethod 25526 0x000001291ee8fa10 code [0x000001291ee8fc80, 0x000001291ee90aa8]
Event: 2706.637 Thread 0x00000129359f50d0 25527       4       org.eclipse.jdt.internal.core.index.MetaIndex$$Lambda$516/0x0000000100702548::accept (12 bytes)
Event: 2706.646 Thread 0x00000129359f50d0 nmethod 25527 0x0000012926274390 code [0x00000129262745c0, 0x0000012926275650]
Event: 2708.832 Thread 0x00000129359f50d0 25528       4       org.eclipse.jdt.internal.compiler.lookup.BlockScope::computeLocalVariablePositions (516 bytes)
Event: 2708.832 Thread 0x00000129359fdfd0 25530       3       org.eclipse.jdt.internal.compiler.ClassFile::resizeContents (36 bytes)
Event: 2708.832 Thread 0x00000129359fdfd0 nmethod 25530 0x000001291d5caf10 code [0x000001291d5cb0c0, 0x000001291d5cb368]
Event: 2708.837 Thread 0x00000129359f50d0 nmethod 25528 0x0000012925e7ea10 code [0x0000012925e7ec00, 0x0000012925e7f758]
Event: 2708.837 Thread 0x00000129359f50d0 25529       4       org.eclipse.jdt.internal.compiler.ClassFile::addRealJumpTarget (21 bytes)
Event: 2708.838 Thread 0x00000129359f50d0 nmethod 25529 0x0000012926273e10 code [0x0000012926273fc0, 0x0000012926274198]
Event: 2708.866 Thread 0x00000129359f50d0 25531       4       org.eclipse.jdt.internal.compiler.lookup.ReferenceBinding::isSuperclassOf (24 bytes)
Event: 2708.867 Thread 0x00000129359f50d0 nmethod 25531 0x0000012926273a90 code [0x0000012926273c20, 0x0000012926273d18]
Event: 2708.867 Thread 0x00000129359f50d0 25532       4       org.eclipse.jdt.internal.compiler.flow.ExceptionHandlingFlowContext::<init> (18 bytes)
Event: 2708.867 Thread 0x00000129359f50d0 nmethod 25532 0x0000012926273590 code [0x0000012926273720, 0x00000129262737e8]
Event: 2708.868 Thread 0x00000129359f50d0 25533       4       org.eclipse.jdt.core.dom.DefaultASTVisitor::endVisit (6 bytes)
Event: 2708.869 Thread 0x00000129359f50d0 nmethod 25533 0x0000012925e7e410 code [0x0000012925e7e5a0, 0x0000012925e7e7e8]
Event: 2709.552 Thread 0x00000129359fdfd0 25534       3       java.util.concurrent.atomic.AtomicLong::set (12 bytes)
Event: 2709.552 Thread 0x00000129359fdfd0 nmethod 25534 0x000001291e1aae10 code [0x000001291e1aafa0, 0x000001291e1ab0d8]

GC Heap History (20 events):
Event: 2708.809 GC heap after
{Heap after GC invocations=4631 (full 101):
 PSYoungGen      total 5632K, used 1494K [0x00000000d5580000, 0x00000000d5e80000, 0x0000000100000000)
  eden space 4096K, 0% used [0x00000000d5580000,0x00000000d5580000,0x00000000d5980000)
  from space 1536K, 97% used [0x00000000d5980000,0x00000000d5af5ae0,0x00000000d5b00000)
  to   space 2048K, 0% used [0x00000000d5c80000,0x00000000d5c80000,0x00000000d5e80000)
 ParOldGen       total 340992K, used 329557K [0x0000000080000000, 0x0000000094d00000, 0x00000000d5580000)
  object space 340992K, 96% used [0x0000000080000000,0x00000000941d5610,0x0000000094d00000)
 Metaspace       used 91897K, committed 93120K, reserved 1179648K
  class space    used 9148K, committed 9664K, reserved 1048576K
}
Event: 2708.815 GC heap before
{Heap before GC invocations=4632 (full 101):
 PSYoungGen      total 5632K, used 5590K [0x00000000d5580000, 0x00000000d5e80000, 0x0000000100000000)
  eden space 4096K, 100% used [0x00000000d5580000,0x00000000d5980000,0x00000000d5980000)
  from space 1536K, 97% used [0x00000000d5980000,0x00000000d5af5ae0,0x00000000d5b00000)
  to   space 2048K, 0% used [0x00000000d5c80000,0x00000000d5c80000,0x00000000d5e80000)
 ParOldGen       total 340992K, used 329557K [0x0000000080000000, 0x0000000094d00000, 0x00000000d5580000)
  object space 340992K, 96% used [0x0000000080000000,0x00000000941d5610,0x0000000094d00000)
 Metaspace       used 91897K, committed 93120K, reserved 1179648K
  class space    used 9148K, committed 9664K, reserved 1048576K
}
Event: 2708.821 GC heap after
{Heap after GC invocations=4632 (full 101):
 PSYoungGen      total 6144K, used 672K [0x00000000d5580000, 0x00000000d5d80000, 0x0000000100000000)
  eden space 5120K, 0% used [0x00000000d5580000,0x00000000d5580000,0x00000000d5a80000)
  from space 1024K, 65% used [0x00000000d5c80000,0x00000000d5d28000,0x00000000d5d80000)
  to   space 1536K, 0% used [0x00000000d5a80000,0x00000000d5a80000,0x00000000d5c00000)
 ParOldGen       total 340992K, used 330906K [0x0000000080000000, 0x0000000094d00000, 0x00000000d5580000)
  object space 340992K, 97% used [0x0000000080000000,0x0000000094326bd0,0x0000000094d00000)
 Metaspace       used 91897K, committed 93120K, reserved 1179648K
  class space    used 9148K, committed 9664K, reserved 1048576K
}
Event: 2708.830 GC heap before
{Heap before GC invocations=4633 (full 101):
 PSYoungGen      total 6144K, used 5792K [0x00000000d5580000, 0x00000000d5d80000, 0x0000000100000000)
  eden space 5120K, 100% used [0x00000000d5580000,0x00000000d5a80000,0x00000000d5a80000)
  from space 1024K, 65% used [0x00000000d5c80000,0x00000000d5d28000,0x00000000d5d80000)
  to   space 1536K, 0% used [0x00000000d5a80000,0x00000000d5a80000,0x00000000d5c00000)
 ParOldGen       total 340992K, used 330906K [0x0000000080000000, 0x0000000094d00000, 0x00000000d5580000)
  object space 340992K, 97% used [0x0000000080000000,0x0000000094326bd0,0x0000000094d00000)
 Metaspace       used 91897K, committed 93120K, reserved 1179648K
  class space    used 9148K, committed 9664K, reserved 1048576K
}
Event: 2708.830 GC heap after
{Heap after GC invocations=4633 (full 101):
 PSYoungGen      total 6656K, used 960K [0x00000000d5580000, 0x00000000d5d80000, 0x0000000100000000)
  eden space 5120K, 0% used [0x00000000d5580000,0x00000000d5580000,0x00000000d5a80000)
  from space 1536K, 62% used [0x00000000d5a80000,0x00000000d5b70000,0x00000000d5c00000)
  to   space 1024K, 0% used [0x00000000d5c80000,0x00000000d5c80000,0x00000000d5d80000)
 ParOldGen       total 340992K, used 331386K [0x0000000080000000, 0x0000000094d00000, 0x00000000d5580000)
  object space 340992K, 97% used [0x0000000080000000,0x000000009439ebf0,0x0000000094d00000)
 Metaspace       used 91897K, committed 93120K, reserved 1179648K
  class space    used 9148K, committed 9664K, reserved 1048576K
}
Event: 2708.850 GC heap before
{Heap before GC invocations=4634 (full 101):
 PSYoungGen      total 6656K, used 6080K [0x00000000d5580000, 0x00000000d5d80000, 0x0000000100000000)
  eden space 5120K, 100% used [0x00000000d5580000,0x00000000d5a80000,0x00000000d5a80000)
  from space 1536K, 62% used [0x00000000d5a80000,0x00000000d5b70000,0x00000000d5c00000)
  to   space 1024K, 0% used [0x00000000d5c80000,0x00000000d5c80000,0x00000000d5d80000)
 ParOldGen       total 340992K, used 331386K [0x0000000080000000, 0x0000000094d00000, 0x00000000d5580000)
  object space 340992K, 97% used [0x0000000080000000,0x000000009439ebf0,0x0000000094d00000)
 Metaspace       used 91897K, committed 93120K, reserved 1179648K
  class space    used 9148K, committed 9664K, reserved 1048576K
}
Event: 2708.851 GC heap after
{Heap after GC invocations=4634 (full 101):
 PSYoungGen      total 5632K, used 1008K [0x00000000d5580000, 0x00000000d6000000, 0x0000000100000000)
  eden space 4608K, 0% used [0x00000000d5580000,0x00000000d5580000,0x00000000d5a00000)
  from space 1024K, 98% used [0x00000000d5c80000,0x00000000d5d7c3e0,0x00000000d5d80000)
  to   space 2560K, 0% used [0x00000000d5a00000,0x00000000d5a00000,0x00000000d5c80000)
 ParOldGen       total 340992K, used 332475K [0x0000000080000000, 0x0000000094d00000, 0x00000000d5580000)
  object space 340992K, 97% used [0x0000000080000000,0x00000000944aec10,0x0000000094d00000)
 Metaspace       used 91897K, committed 93120K, reserved 1179648K
  class space    used 9148K, committed 9664K, reserved 1048576K
}
Event: 2708.857 GC heap before
{Heap before GC invocations=4635 (full 101):
 PSYoungGen      total 5632K, used 5616K [0x00000000d5580000, 0x00000000d6000000, 0x0000000100000000)
  eden space 4608K, 100% used [0x00000000d5580000,0x00000000d5a00000,0x00000000d5a00000)
  from space 1024K, 98% used [0x00000000d5c80000,0x00000000d5d7c3e0,0x00000000d5d80000)
  to   space 2560K, 0% used [0x00000000d5a00000,0x00000000d5a00000,0x00000000d5c80000)
 ParOldGen       total 340992K, used 332475K [0x0000000080000000, 0x0000000094d00000, 0x00000000d5580000)
  object space 340992K, 97% used [0x0000000080000000,0x00000000944aec10,0x0000000094d00000)
 Metaspace       used 91897K, committed 93120K, reserved 1179648K
  class space    used 9148K, committed 9664K, reserved 1048576K
}
Event: 2708.858 GC heap after
{Heap after GC invocations=4635 (full 101):
 PSYoungGen      total 5632K, used 736K [0x00000000d5580000, 0x00000000d5d80000, 0x0000000100000000)
  eden space 4608K, 0% used [0x00000000d5580000,0x00000000d5580000,0x00000000d5a00000)
  from space 1024K, 71% used [0x00000000d5a00000,0x00000000d5ab8000,0x00000000d5b00000)
  to   space 1536K, 0% used [0x00000000d5c00000,0x00000000d5c00000,0x00000000d5d80000)
 ParOldGen       total 340992K, used 333507K [0x0000000080000000, 0x0000000094d00000, 0x00000000d5580000)
  object space 340992K, 97% used [0x0000000080000000,0x00000000945b0d38,0x0000000094d00000)
 Metaspace       used 91897K, committed 93120K, reserved 1179648K
  class space    used 9148K, committed 9664K, reserved 1048576K
}
Event: 2708.865 GC heap before
{Heap before GC invocations=4636 (full 101):
 PSYoungGen      total 5632K, used 5344K [0x00000000d5580000, 0x00000000d5d80000, 0x0000000100000000)
  eden space 4608K, 100% used [0x00000000d5580000,0x00000000d5a00000,0x00000000d5a00000)
  from space 1024K, 71% used [0x00000000d5a00000,0x00000000d5ab8000,0x00000000d5b00000)
  to   space 1536K, 0% used [0x00000000d5c00000,0x00000000d5c00000,0x00000000d5d80000)
 ParOldGen       total 340992K, used 333507K [0x0000000080000000, 0x0000000094d00000, 0x00000000d5580000)
  object space 340992K, 97% used [0x0000000080000000,0x00000000945b0d38,0x0000000094d00000)
 Metaspace       used 91897K, committed 93120K, reserved 1179648K
  class space    used 9148K, committed 9664K, reserved 1048576K
}
Event: 2708.865 GC heap after
{Heap after GC invocations=4636 (full 101):
 PSYoungGen      total 6144K, used 1408K [0x00000000d5580000, 0x00000000d5e80000, 0x0000000100000000)
  eden space 4608K, 0% used [0x00000000d5580000,0x00000000d5580000,0x00000000d5a00000)
  from space 1536K, 91% used [0x00000000d5c00000,0x00000000d5d60000,0x00000000d5d80000)
  to   space 2048K, 0% used [0x00000000d5a00000,0x00000000d5a00000,0x00000000d5c00000)
 ParOldGen       total 340992K, used 333507K [0x0000000080000000, 0x0000000094d00000, 0x00000000d5580000)
  object space 340992K, 97% used [0x0000000080000000,0x00000000945b0d38,0x0000000094d00000)
 Metaspace       used 91897K, committed 93120K, reserved 1179648K
  class space    used 9148K, committed 9664K, reserved 1048576K
}
Event: 2709.540 GC heap before
{Heap before GC invocations=4637 (full 101):
 PSYoungGen      total 6144K, used 6016K [0x00000000d5580000, 0x00000000d5e80000, 0x0000000100000000)
  eden space 4608K, 100% used [0x00000000d5580000,0x00000000d5a00000,0x00000000d5a00000)
  from space 1536K, 91% used [0x00000000d5c00000,0x00000000d5d60000,0x00000000d5d80000)
  to   space 2048K, 0% used [0x00000000d5a00000,0x00000000d5a00000,0x00000000d5c00000)
 ParOldGen       total 340992K, used 333507K [0x0000000080000000, 0x0000000094d00000, 0x00000000d5580000)
  object space 340992K, 97% used [0x0000000080000000,0x00000000945b0d38,0x0000000094d00000)
 Metaspace       used 91897K, committed 93120K, reserved 1179648K
  class space    used 9148K, committed 9664K, reserved 1048576K
}
Event: 2709.541 GC heap after
{Heap after GC invocations=4637 (full 101):
 PSYoungGen      total 6656K, used 2040K [0x00000000d5580000, 0x00000000d6080000, 0x0000000100000000)
  eden space 4608K, 0% used [0x00000000d5580000,0x00000000d5580000,0x00000000d5a00000)
  from space 2048K, 99% used [0x00000000d5a00000,0x00000000d5bfe200,0x00000000d5c00000)
  to   space 3072K, 0% used [0x00000000d5d80000,0x00000000d5d80000,0x00000000d6080000)
 ParOldGen       total 340992K, used 333891K [0x0000000080000000, 0x0000000094d00000, 0x00000000d5580000)
  object space 340992K, 97% used [0x0000000080000000,0x0000000094610d58,0x0000000094d00000)
 Metaspace       used 91897K, committed 93120K, reserved 1179648K
  class space    used 9148K, committed 9664K, reserved 1048576K
}
Event: 2709.547 GC heap before
{Heap before GC invocations=4638 (full 101):
 PSYoungGen      total 6656K, used 6648K [0x00000000d5580000, 0x00000000d6080000, 0x0000000100000000)
  eden space 4608K, 100% used [0x00000000d5580000,0x00000000d5a00000,0x00000000d5a00000)
  from space 2048K, 99% used [0x00000000d5a00000,0x00000000d5bfe200,0x00000000d5c00000)
  to   space 3072K, 0% used [0x00000000d5d80000,0x00000000d5d80000,0x00000000d6080000)
 ParOldGen       total 340992K, used 333891K [0x0000000080000000, 0x0000000094d00000, 0x00000000d5580000)
  object space 340992K, 97% used [0x0000000080000000,0x0000000094610d58,0x0000000094d00000)
 Metaspace       used 91897K, committed 93120K, reserved 1179648K
  class space    used 9148K, committed 9664K, reserved 1048576K
}
Event: 2709.548 GC heap after
{Heap after GC invocations=4638 (full 101):
 PSYoungGen      total 7168K, used 1586K [0x00000000d5580000, 0x00000000d5f80000, 0x0000000100000000)
  eden space 5120K, 0% used [0x00000000d5580000,0x00000000d5580000,0x00000000d5a80000)
  from space 2048K, 77% used [0x00000000d5d80000,0x00000000d5f0cb00,0x00000000d5f80000)
  to   space 2048K, 0% used [0x00000000d5b80000,0x00000000d5b80000,0x00000000d5d80000)
 ParOldGen       total 340992K, used 335027K [0x0000000080000000, 0x0000000094d00000, 0x00000000d5580000)
  object space 340992K, 98% used [0x0000000080000000,0x000000009472cd78,0x0000000094d00000)
 Metaspace       used 91897K, committed 93120K, reserved 1179648K
  class space    used 9148K, committed 9664K, reserved 1048576K
}
Event: 2709.554 GC heap before
{Heap before GC invocations=4639 (full 101):
 PSYoungGen      total 7168K, used 6706K [0x00000000d5580000, 0x00000000d5f80000, 0x0000000100000000)
  eden space 5120K, 100% used [0x00000000d5580000,0x00000000d5a80000,0x00000000d5a80000)
  from space 2048K, 77% used [0x00000000d5d80000,0x00000000d5f0cb00,0x00000000d5f80000)
  to   space 2048K, 0% used [0x00000000d5b80000,0x00000000d5b80000,0x00000000d5d80000)
 ParOldGen       total 340992K, used 335027K [0x0000000080000000, 0x0000000094d00000, 0x00000000d5580000)
  object space 340992K, 98% used [0x0000000080000000,0x000000009472cd78,0x0000000094d00000)
 Metaspace       used 91897K, committed 93120K, reserved 1179648K
  class space    used 9148K, committed 9664K, reserved 1048576K
}
Event: 2709.555 GC heap after
{Heap after GC invocations=4639 (full 101):
 PSYoungGen      total 7680K, used 2029K [0x00000000d5580000, 0x00000000d6000000, 0x0000000100000000)
  eden space 5632K, 0% used [0x00000000d5580000,0x00000000d5580000,0x00000000d5b00000)
  from space 2048K, 99% used [0x00000000d5b80000,0x00000000d5d7b400,0x00000000d5d80000)
  to   space 2560K, 0% used [0x00000000d5d80000,0x00000000d5d80000,0x00000000d6000000)
 ParOldGen       total 340992K, used 335167K [0x0000000080000000, 0x0000000094d00000, 0x00000000d5580000)
  object space 340992K, 98% used [0x0000000080000000,0x000000009474ff38,0x0000000094d00000)
 Metaspace       used 91897K, committed 93120K, reserved 1179648K
  class space    used 9148K, committed 9664K, reserved 1048576K
}
Event: 2709.562 GC heap before
{Heap before GC invocations=4640 (full 101):
 PSYoungGen      total 7680K, used 7661K [0x00000000d5580000, 0x00000000d6000000, 0x0000000100000000)
  eden space 5632K, 100% used [0x00000000d5580000,0x00000000d5b00000,0x00000000d5b00000)
  from space 2048K, 99% used [0x00000000d5b80000,0x00000000d5d7b400,0x00000000d5d80000)
  to   space 2560K, 0% used [0x00000000d5d80000,0x00000000d5d80000,0x00000000d6000000)
 ParOldGen       total 340992K, used 335167K [0x0000000080000000, 0x0000000094d00000, 0x00000000d5580000)
  object space 340992K, 98% used [0x0000000080000000,0x000000009474ff38,0x0000000094d00000)
 Metaspace       used 91897K, committed 93120K, reserved 1179648K
  class space    used 9148K, committed 9664K, reserved 1048576K
}
Event: 2709.563 GC heap after
{Heap after GC invocations=4640 (full 101):
 PSYoungGen      total 3072K, used 2547K [0x00000000d5580000, 0x00000000d6b00000, 0x0000000100000000)
  eden space 512K, 0% used [0x00000000d5580000,0x00000000d5580000,0x00000000d5600000)
  from space 2560K, 99% used [0x00000000d5d80000,0x00000000d5ffcda0,0x00000000d6000000)
  to   space 7680K, 0% used [0x00000000d5600000,0x00000000d5600000,0x00000000d5d80000)
 ParOldGen       total 340992K, used 339083K [0x0000000080000000, 0x0000000094d00000, 0x00000000d5580000)
  object space 340992K, 99% used [0x0000000080000000,0x0000000094b22cd8,0x0000000094d00000)
 Metaspace       used 91897K, committed 93120K, reserved 1179648K
  class space    used 9148K, committed 9664K, reserved 1048576K
}
Event: 2709.563 GC heap before
{Heap before GC invocations=4641 (full 102):
 PSYoungGen      total 3072K, used 2547K [0x00000000d5580000, 0x00000000d6b00000, 0x0000000100000000)
  eden space 512K, 0% used [0x00000000d5580000,0x00000000d5580000,0x00000000d5600000)
  from space 2560K, 99% used [0x00000000d5d80000,0x00000000d5ffcda0,0x00000000d6000000)
  to   space 7680K, 0% used [0x00000000d5600000,0x00000000d5600000,0x00000000d5d80000)
 ParOldGen       total 340992K, used 339083K [0x0000000080000000, 0x0000000094d00000, 0x00000000d5580000)
  object space 340992K, 99% used [0x0000000080000000,0x0000000094b22cd8,0x0000000094d00000)
 Metaspace       used 91897K, committed 93120K, reserved 1179648K
  class space    used 9148K, committed 9664K, reserved 1048576K
}

Dll operation events (11 events):
Event: 0.007 Loaded shared library c:\Users\USER\.vscode\extensions\redhat.java-1.28.1-win32-x64\jre\17.0.10-win32-x86_64\bin\java.dll
Event: 0.078 Loaded shared library c:\Users\USER\.vscode\extensions\redhat.java-1.28.1-win32-x64\jre\17.0.10-win32-x86_64\bin\zip.dll
Event: 0.081 Loaded shared library C:\Users\USER\.vscode\extensions\redhat.java-1.28.1-win32-x64\jre\17.0.10-win32-x86_64\bin\instrument.dll
Event: 0.089 Loaded shared library C:\Users\USER\.vscode\extensions\redhat.java-1.28.1-win32-x64\jre\17.0.10-win32-x86_64\bin\net.dll
Event: 0.090 Loaded shared library C:\Users\USER\.vscode\extensions\redhat.java-1.28.1-win32-x64\jre\17.0.10-win32-x86_64\bin\nio.dll
Event: 0.094 Loaded shared library C:\Users\USER\.vscode\extensions\redhat.java-1.28.1-win32-x64\jre\17.0.10-win32-x86_64\bin\zip.dll
Event: 0.103 Loaded shared library C:\Users\USER\.vscode\extensions\redhat.java-1.28.1-win32-x64\jre\17.0.10-win32-x86_64\bin\jimage.dll
Event: 0.135 Loaded shared library c:\Users\USER\.vscode\extensions\redhat.java-1.28.1-win32-x64\jre\17.0.10-win32-x86_64\bin\verify.dll
Event: 0.572 Loaded shared library C:\Users\USER\AppData\Roaming\Code\User\globalStorage\redhat.java\1.28.1\config_win\org.eclipse.equinox.launcher\org.eclipse.equinox.launcher.win32.win32.x86_64_1.2.900.v20240129-1338\eclipse_11900.dll
Event: 1.576 Loaded shared library C:\Users\USER\AppData\Local\Temp\jna-2614219\jna11612319495163267359.dll
Event: 39.231 Loaded shared library C:\Users\USER\.vscode\extensions\redhat.java-1.28.1-win32-x64\jre\17.0.10-win32-x86_64\bin\extnet.dll

Deoptimization events (20 events):
Event: 2704.525 Thread 0x0000012939be2c60 Uncommon trap: trap_request=0xffffff45 fr.pc=0x0000012925bb4ee8 relative=0x0000000000001628
Event: 2704.525 Thread 0x0000012939be2c60 Uncommon trap: reason=unstable_if action=reinterpret pc=0x0000012925bb4ee8 method=org.eclipse.core.internal.jobs.JobQueue.canOvertake(Lorg/eclipse/core/internal/jobs/InternalJob;Lorg/eclipse/core/internal/jobs/InternalJob;)Z @ 54 c2
Event: 2704.525 Thread 0x0000012939be2c60 DEOPT PACKING pc=0x0000012925bb4ee8 sp=0x00000016494ff0c0
Event: 2704.525 Thread 0x0000012939be2c60 DEOPT UNPACKING pc=0x00000129244266a3 sp=0x00000016494fefa0 mode 2
Event: 2706.250 Thread 0x00000129385f5aa0 Uncommon trap: trap_request=0xffffff45 fr.pc=0x000001292609ac24 relative=0x0000000000001084
Event: 2706.250 Thread 0x00000129385f5aa0 Uncommon trap: reason=unstable_if action=reinterpret pc=0x000001292609ac24 method=org.eclipse.jdt.internal.compiler.lookup.Scope.findDefaultAbstractMethod(Lorg/eclipse/jdt/internal/compiler/lookup/ReferenceBinding;[C[Lorg/eclipse/jdt/internal/compiler/loo
Event: 2706.250 Thread 0x00000129385f5aa0 DEOPT PACKING pc=0x000001292609ac24 sp=0x00000016487fd500
Event: 2706.250 Thread 0x00000129385f5aa0 DEOPT UNPACKING pc=0x00000129244266a3 sp=0x00000016487fd490 mode 2
Event: 2709.551 Thread 0x00000129385f5aa0 Uncommon trap: trap_request=0xffffff45 fr.pc=0x000001292560f900 relative=0x00000000000006c0
Event: 2709.551 Thread 0x00000129385f5aa0 Uncommon trap: reason=unstable_if action=reinterpret pc=0x000001292560f900 method=org.eclipse.jdt.internal.codeassist.impl.AssistParser.indexOfAssistIdentifier(Z)I @ 11 c2
Event: 2709.551 Thread 0x00000129385f5aa0 DEOPT PACKING pc=0x000001292560f900 sp=0x00000016487fe520
Event: 2709.551 Thread 0x00000129385f5aa0 DEOPT UNPACKING pc=0x00000129244266a3 sp=0x00000016487fe440 mode 2
Event: 2709.551 Thread 0x00000129385f5aa0 Uncommon trap: trap_request=0xffffff45 fr.pc=0x0000012926161c34 relative=0x0000000000000a14
Event: 2709.551 Thread 0x00000129385f5aa0 Uncommon trap: reason=unstable_if action=reinterpret pc=0x0000012926161c34 method=org.eclipse.jdt.internal.codeassist.select.SelectionParser.consumeToken(I)V @ 390 c2
Event: 2709.551 Thread 0x00000129385f5aa0 DEOPT PACKING pc=0x0000012926161c34 sp=0x00000016487fe660
Event: 2709.551 Thread 0x00000129385f5aa0 DEOPT UNPACKING pc=0x00000129244266a3 sp=0x00000016487fe600 mode 2
Event: 2709.551 Thread 0x00000129385f5aa0 Uncommon trap: trap_request=0xffffff45 fr.pc=0x00000129260dce68 relative=0x00000000000001c8
Event: 2709.551 Thread 0x00000129385f5aa0 Uncommon trap: reason=unstable_if action=reinterpret pc=0x00000129260dce68 method=org.eclipse.jdt.internal.codeassist.select.SelectionParser.restartRecovery()Z @ 36 c2
Event: 2709.551 Thread 0x00000129385f5aa0 DEOPT PACKING pc=0x00000129260dce68 sp=0x00000016487fe670
Event: 2709.551 Thread 0x00000129385f5aa0 DEOPT UNPACKING pc=0x00000129244266a3 sp=0x00000016487fe608 mode 2

Classes unloaded (20 events):
Event: 1699.204 Thread 0x000001293057e130 Unloading class 0x00000001002a6c00 'java/lang/invoke/LambdaForm$MH+0x00000001002a6c00'
Event: 1699.204 Thread 0x000001293057e130 Unloading class 0x00000001002a6800 'java/lang/invoke/LambdaForm$MH+0x00000001002a6800'
Event: 1699.204 Thread 0x000001293057e130 Unloading class 0x00000001002a6400 'java/lang/invoke/LambdaForm$MH+0x00000001002a6400'
Event: 1699.204 Thread 0x000001293057e130 Unloading class 0x00000001002a6000 'java/lang/invoke/LambdaForm$MH+0x00000001002a6000'
Event: 1699.204 Thread 0x000001293057e130 Unloading class 0x000000010024dc00 'java/lang/invoke/LambdaForm$MH+0x000000010024dc00'
Event: 1699.204 Thread 0x000001293057e130 Unloading class 0x000000010022d400 'java/lang/invoke/LambdaForm$MH+0x000000010022d400'
Event: 1699.204 Thread 0x000001293057e130 Unloading class 0x000000010022d000 'java/lang/invoke/LambdaForm$MH+0x000000010022d000'
Event: 1699.204 Thread 0x000001293057e130 Unloading class 0x000000010022cc00 'java/lang/invoke/LambdaForm$MH+0x000000010022cc00'
Event: 1699.204 Thread 0x000001293057e130 Unloading class 0x000000010022c800 'java/lang/invoke/LambdaForm$MH+0x000000010022c800'
Event: 1699.204 Thread 0x000001293057e130 Unloading class 0x000000010022c400 'java/lang/invoke/LambdaForm$MH+0x000000010022c400'
Event: 1699.204 Thread 0x000001293057e130 Unloading class 0x000000010022c000 'java/lang/invoke/LambdaForm$MH+0x000000010022c000'
Event: 1699.204 Thread 0x000001293057e130 Unloading class 0x0000000100226800 'jdk/internal/reflect/GeneratedConstructorAccessor3'
Event: 1699.204 Thread 0x000001293057e130 Unloading class 0x0000000100222c00 'java/lang/invoke/LambdaForm$MH+0x0000000100222c00'
Event: 1699.204 Thread 0x000001293057e130 Unloading class 0x0000000100222800 'java/lang/invoke/LambdaForm$MH+0x0000000100222800'
Event: 1699.204 Thread 0x000001293057e130 Unloading class 0x0000000100222000 'java/lang/invoke/LambdaForm$MH+0x0000000100222000'
Event: 1699.204 Thread 0x000001293057e130 Unloading class 0x0000000100129000 'jdk/internal/reflect/GeneratedMethodAccessor5'
Event: 1699.204 Thread 0x000001293057e130 Unloading class 0x0000000100128c00 'jdk/internal/reflect/GeneratedMethodAccessor4'
Event: 1699.204 Thread 0x000001293057e130 Unloading class 0x0000000100128800 'jdk/internal/reflect/GeneratedMethodAccessor3'
Event: 1699.204 Thread 0x000001293057e130 Unloading class 0x0000000100128400 'jdk/internal/reflect/GeneratedMethodAccessor2'
Event: 1699.204 Thread 0x000001293057e130 Unloading class 0x0000000100128000 'jdk/internal/reflect/GeneratedMethodAccessor1'

Classes redefined (0 events):
No events

Internal exceptions (20 events):
Event: 2594.438 Thread 0x0000012939be1820 Exception <a 'java/lang/ArrayIndexOutOfBoundsException'{0x00000000d56170c0}> (0x00000000d56170c0) 
thrown [s\src\hotspot\share\runtime\sharedRuntime.cpp, line 631]
Event: 2594.638 Thread 0x0000012939be1820 Exception <a 'java/lang/ArrayIndexOutOfBoundsException'{0x00000000d62ea790}> (0x00000000d62ea790) 
thrown [s\src\hotspot\share\runtime\sharedRuntime.cpp, line 631]
Event: 2595.808 Thread 0x0000012939be1820 Exception <a 'java/lang/ArrayIndexOutOfBoundsException'{0x00000000d5b94460}> (0x00000000d5b94460) 
thrown [s\src\hotspot\share\runtime\sharedRuntime.cpp, line 631]
Event: 2596.034 Thread 0x0000012939be1820 Exception <a 'java/lang/ArrayIndexOutOfBoundsException'{0x00000000d590b6e8}> (0x00000000d590b6e8) 
thrown [s\src\hotspot\share\runtime\sharedRuntime.cpp, line 631]
Event: 2596.417 Thread 0x0000012939be1820 Exception <a 'java/lang/ArrayIndexOutOfBoundsException'{0x00000000d658bb08}> (0x00000000d658bb08) 
thrown [s\src\hotspot\share\runtime\sharedRuntime.cpp, line 631]
Event: 2596.503 Thread 0x0000012939be1820 Exception <a 'java/lang/ArrayIndexOutOfBoundsException'{0x00000000d61d3c38}> (0x00000000d61d3c38) 
thrown [s\src\hotspot\share\runtime\sharedRuntime.cpp, line 631]
Event: 2596.978 Thread 0x0000012939be1820 Exception <a 'java/lang/ArrayIndexOutOfBoundsException'{0x00000000d62a8f80}> (0x00000000d62a8f80) 
thrown [s\src\hotspot\share\runtime\sharedRuntime.cpp, line 631]
Event: 2597.151 Thread 0x0000012939be1820 Exception <a 'java/lang/ArrayIndexOutOfBoundsException'{0x00000000d5d8ffc0}> (0x00000000d5d8ffc0) 
thrown [s\src\hotspot\share\runtime\sharedRuntime.cpp, line 631]
Event: 2597.458 Thread 0x0000012939be1820 Exception <a 'java/lang/ArrayIndexOutOfBoundsException'{0x00000000d5edcc88}> (0x00000000d5edcc88) 
thrown [s\src\hotspot\share\runtime\sharedRuntime.cpp, line 631]
Event: 2599.072 Thread 0x0000012938710430 Exception <a 'sun/nio/fs/WindowsException'{0x00000000d5bb0b40}> (0x00000000d5bb0b40) 
thrown [s\src\hotspot\share\prims\jni.cpp, line 516]
Event: 2599.237 Thread 0x0000012938710430 Exception <a 'sun/nio/fs/WindowsException'{0x00000000d56b8390}> (0x00000000d56b8390) 
thrown [s\src\hotspot\share\prims\jni.cpp, line 516]
Event: 2611.180 Thread 0x0000012938710430 Exception <a 'sun/nio/fs/WindowsException'{0x00000000d55a9e88}> (0x00000000d55a9e88) 
thrown [s\src\hotspot\share\prims\jni.cpp, line 516]
Event: 2611.338 Thread 0x0000012938710430 Exception <a 'sun/nio/fs/WindowsException'{0x00000000d6011910}> (0x00000000d6011910) 
thrown [s\src\hotspot\share\prims\jni.cpp, line 516]
Event: 2636.014 Thread 0x00000129385f4b70 Implicit null exception at 0x000001292644abb5 to 0x000001292644b160
Event: 2686.972 Thread 0x0000012938710430 Exception <a 'sun/nio/fs/WindowsException'{0x00000000d572a7a0}> (0x00000000d572a7a0) 
thrown [s\src\hotspot\share\prims\jni.cpp, line 516]
Event: 2687.340 Thread 0x0000012938710430 Exception <a 'sun/nio/fs/WindowsException'{0x00000000d5a5d3a8}> (0x00000000d5a5d3a8) 
thrown [s\src\hotspot\share\prims\jni.cpp, line 516]
Event: 2704.388 Thread 0x0000012938710430 Exception <a 'sun/nio/fs/WindowsException'{0x00000000d56b9e40}> (0x00000000d56b9e40) 
thrown [s\src\hotspot\share\prims\jni.cpp, line 516]
Event: 2704.581 Thread 0x0000012938710430 Exception <a 'sun/nio/fs/WindowsException'{0x00000000d55ba078}> (0x00000000d55ba078) 
thrown [s\src\hotspot\share\prims\jni.cpp, line 516]
Event: 2706.357 Thread 0x0000012938710430 Exception <a 'sun/nio/fs/WindowsException'{0x00000000d55c5598}> (0x00000000d55c5598) 
thrown [s\src\hotspot\share\prims\jni.cpp, line 516]
Event: 2706.634 Thread 0x0000012938710430 Exception <a 'sun/nio/fs/WindowsException'{0x00000000d55fc2f8}> (0x00000000d55fc2f8) 
thrown [s\src\hotspot\share\prims\jni.cpp, line 516]

VM Operations (20 events):
Event: 2707.619 Executing VM operation: Cleanup done
Event: 2708.807 Executing VM operation: ParallelGCFailedAllocation
Event: 2708.809 Executing VM operation: ParallelGCFailedAllocation done
Event: 2708.815 Executing VM operation: ParallelGCFailedAllocation
Event: 2708.821 Executing VM operation: ParallelGCFailedAllocation done
Event: 2708.830 Executing VM operation: ParallelGCFailedAllocation
Event: 2708.830 Executing VM operation: ParallelGCFailedAllocation done
Event: 2708.850 Executing VM operation: ParallelGCFailedAllocation
Event: 2708.851 Executing VM operation: ParallelGCFailedAllocation done
Event: 2708.857 Executing VM operation: ParallelGCFailedAllocation
Event: 2708.858 Executing VM operation: ParallelGCFailedAllocation done
Event: 2708.865 Executing VM operation: ParallelGCFailedAllocation
Event: 2708.865 Executing VM operation: ParallelGCFailedAllocation done
Event: 2709.540 Executing VM operation: ParallelGCFailedAllocation
Event: 2709.541 Executing VM operation: ParallelGCFailedAllocation done
Event: 2709.547 Executing VM operation: ParallelGCFailedAllocation
Event: 2709.548 Executing VM operation: ParallelGCFailedAllocation done
Event: 2709.554 Executing VM operation: ParallelGCFailedAllocation
Event: 2709.555 Executing VM operation: ParallelGCFailedAllocation done
Event: 2709.562 Executing VM operation: ParallelGCFailedAllocation

Events (20 events):
Event: 2687.251 Thread 0x0000012935a025f0 flushing nmethod 0x000001291f31e310
Event: 2687.251 Thread 0x0000012935a025f0 flushing nmethod 0x000001291f37c790
Event: 2687.251 Thread 0x0000012935a025f0 flushing nmethod 0x000001291f3aa310
Event: 2687.251 Thread 0x0000012935a025f0 flushing nmethod 0x000001291f3ab190
Event: 2687.251 Thread 0x0000012935a025f0 flushing nmethod 0x000001291f3abe10
Event: 2687.251 Thread 0x0000012935a025f0 flushing nmethod 0x000001291f48ff10
Event: 2687.251 Thread 0x0000012935a025f0 flushing nmethod 0x000001291f4aa390
Event: 2704.379 Thread 0x0000012939be3170 Thread added: 0x0000012939be3170
Event: 2704.388 Thread 0x0000012945c2e050 Thread added: 0x0000012945c2e050
Event: 2704.525 Thread 0x0000012945c33150 Thread added: 0x0000012945c33150
Event: 2704.549 Thread 0x0000012938ea1910 Thread added: 0x0000012938ea1910
Event: 2704.550 Thread 0x0000012938ea1910 Thread exited: 0x0000012938ea1910
Event: 2704.554 Thread 0x0000012938e9cd20 Thread added: 0x0000012938e9cd20
Event: 2704.574 Thread 0x0000012938e9cd20 Thread exited: 0x0000012938e9cd20
Event: 2705.866 Thread 0x0000012939f0bdd0 Thread added: 0x0000012939f0bdd0
Event: 2706.227 Thread 0x0000012939f0a340 Thread added: 0x0000012939f0a340
Event: 2706.347 Thread 0x0000012939f0a340 Thread exited: 0x0000012939f0a340
Event: 2706.540 Thread 0x0000012939f0bdd0 Thread exited: 0x0000012939f0bdd0
Event: 2706.549 Thread 0x0000012957b4a4f0 Thread added: 0x0000012957b4a4f0
Event: 2706.572 Thread 0x0000012957b4a4f0 Thread exited: 0x0000012957b4a4f0


Dynamic libraries:
0x00007ff785300000 - 0x00007ff78530e000 	c:\Users\USER\.vscode\extensions\redhat.java-1.28.1-win32-x64\jre\17.0.10-win32-x86_64\bin\java.exe
0x00007ff93d4f0000 - 0x00007ff93d707000 	C:\WINDOWS\SYSTEM32\ntdll.dll
0x00007ff93b740000 - 0x00007ff93b804000 	C:\WINDOWS\System32\KERNEL32.DLL
0x00007ff93abe0000 - 0x00007ff93af86000 	C:\WINDOWS\System32\KERNELBASE.dll
0x00007ff93a9c0000 - 0x00007ff93aad1000 	C:\WINDOWS\System32\ucrtbase.dll
0x00007ff936b80000 - 0x00007ff936b97000 	c:\Users\USER\.vscode\extensions\redhat.java-1.28.1-win32-x64\jre\17.0.10-win32-x86_64\bin\jli.dll
0x00007ff936ba0000 - 0x00007ff936bbb000 	c:\Users\USER\.vscode\extensions\redhat.java-1.28.1-win32-x64\jre\17.0.10-win32-x86_64\bin\VCRUNTIME140.dll
0x00007ff93c4c0000 - 0x00007ff93c66e000 	C:\WINDOWS\System32\USER32.dll
0x00007ff93ab10000 - 0x00007ff93ab36000 	C:\WINDOWS\System32\win32u.dll
0x00007ff93b500000 - 0x00007ff93b529000 	C:\WINDOWS\System32\GDI32.dll
0x00007ff93a830000 - 0x00007ff93a948000 	C:\WINDOWS\System32\gdi32full.dll
0x00007ff939a80000 - 0x00007ff939d13000 	C:\WINDOWS\WinSxS\amd64_microsoft.windows.common-controls_6595b64144ccf1df_6.0.22621.2506_none_270c5ae97388e100\COMCTL32.dll
0x00007ff93ab40000 - 0x00007ff93abda000 	C:\WINDOWS\System32\msvcp_win.dll
0x00007ff93b8c0000 - 0x00007ff93b967000 	C:\WINDOWS\System32\msvcrt.dll
0x00007ff93bb90000 - 0x00007ff93bbc1000 	C:\WINDOWS\System32\IMM32.DLL
0x00007ff937160000 - 0x00007ff93716c000 	c:\Users\USER\.vscode\extensions\redhat.java-1.28.1-win32-x64\jre\17.0.10-win32-x86_64\bin\vcruntime140_1.dll
0x00007ff8eb090000 - 0x00007ff8eb11d000 	c:\Users\USER\.vscode\extensions\redhat.java-1.28.1-win32-x64\jre\17.0.10-win32-x86_64\bin\msvcp140.dll
0x00007ff8d97c0000 - 0x00007ff8da422000 	c:\Users\USER\.vscode\extensions\redhat.java-1.28.1-win32-x64\jre\17.0.10-win32-x86_64\bin\server\jvm.dll
0x00007ff93ca70000 - 0x00007ff93cb23000 	C:\WINDOWS\System32\ADVAPI32.dll
0x00007ff93b810000 - 0x00007ff93b8b8000 	C:\WINDOWS\System32\sechost.dll
0x00007ff93aae0000 - 0x00007ff93ab08000 	C:\WINDOWS\System32\bcrypt.dll
0x00007ff93c670000 - 0x00007ff93c787000 	C:\WINDOWS\System32\RPCRT4.dll
0x00007ff921530000 - 0x00007ff921539000 	C:\WINDOWS\SYSTEM32\WSOCK32.dll
0x00007ff93b260000 - 0x00007ff93b2d1000 	C:\WINDOWS\System32\WS2_32.dll
0x00007ff9314e0000 - 0x00007ff931514000 	C:\WINDOWS\SYSTEM32\WINMM.dll
0x00007ff93a390000 - 0x00007ff93a3dd000 	C:\WINDOWS\SYSTEM32\POWRPROF.dll
0x00007ff932de0000 - 0x00007ff932dea000 	C:\WINDOWS\SYSTEM32\VERSION.dll
0x00007ff939d50000 - 0x00007ff939d63000 	C:\WINDOWS\SYSTEM32\UMPDC.dll
0x00007ff9391b0000 - 0x00007ff9391c8000 	C:\WINDOWS\SYSTEM32\kernel.appcore.dll
0x00007ff936b50000 - 0x00007ff936b5a000 	c:\Users\USER\.vscode\extensions\redhat.java-1.28.1-win32-x64\jre\17.0.10-win32-x86_64\bin\jimage.dll
0x00007ff93a150000 - 0x00007ff93a383000 	C:\WINDOWS\SYSTEM32\DBGHELP.DLL
0x00007ff93d060000 - 0x00007ff93d3e9000 	C:\WINDOWS\System32\combase.dll
0x00007ff93b3f0000 - 0x00007ff93b4c7000 	C:\WINDOWS\System32\OLEAUT32.dll
0x00007ff93a040000 - 0x00007ff93a072000 	C:\WINDOWS\SYSTEM32\dbgcore.DLL
0x00007ff93b1c0000 - 0x00007ff93b23a000 	C:\WINDOWS\System32\bcryptPrimitives.dll
0x00007ff936a90000 - 0x00007ff936a9e000 	c:\Users\USER\.vscode\extensions\redhat.java-1.28.1-win32-x64\jre\17.0.10-win32-x86_64\bin\instrument.dll
0x00007ff934c60000 - 0x00007ff934c85000 	c:\Users\USER\.vscode\extensions\redhat.java-1.28.1-win32-x64\jre\17.0.10-win32-x86_64\bin\java.dll
0x00007ff926080000 - 0x00007ff926098000 	c:\Users\USER\.vscode\extensions\redhat.java-1.28.1-win32-x64\jre\17.0.10-win32-x86_64\bin\zip.dll
0x00007ff93bbd0000 - 0x00007ff93c42b000 	C:\WINDOWS\System32\SHELL32.dll
0x00007ff9380c0000 - 0x00007ff9389b6000 	C:\WINDOWS\SYSTEM32\windows.storage.dll
0x00007ff937f80000 - 0x00007ff9380be000 	C:\WINDOWS\SYSTEM32\wintypes.dll
0x00007ff93c790000 - 0x00007ff93c883000 	C:\WINDOWS\System32\SHCORE.dll
0x00007ff93b6e0000 - 0x00007ff93b73e000 	C:\WINDOWS\System32\shlwapi.dll
0x00007ff93a760000 - 0x00007ff93a786000 	C:\WINDOWS\SYSTEM32\profapi.dll
0x00007ff925e20000 - 0x00007ff925e39000 	C:\Users\USER\.vscode\extensions\redhat.java-1.28.1-win32-x64\jre\17.0.10-win32-x86_64\bin\net.dll
0x00007ff9343c0000 - 0x00007ff9344f7000 	C:\WINDOWS\SYSTEM32\WINHTTP.dll
0x00007ff939650000 - 0x00007ff9396b9000 	C:\WINDOWS\system32\mswsock.dll
0x00007ff925b50000 - 0x00007ff925b66000 	C:\Users\USER\.vscode\extensions\redhat.java-1.28.1-win32-x64\jre\17.0.10-win32-x86_64\bin\nio.dll
0x00007ff926070000 - 0x00007ff926080000 	c:\Users\USER\.vscode\extensions\redhat.java-1.28.1-win32-x64\jre\17.0.10-win32-x86_64\bin\verify.dll
0x00007ff90a860000 - 0x00007ff90a89e000 	C:\Users\USER\AppData\Roaming\Code\User\globalStorage\redhat.java\1.28.1\config_win\org.eclipse.equinox.launcher\org.eclipse.equinox.launcher.win32.win32.x86_64_1.2.900.v20240129-1338\eclipse_11900.dll
0x00007ff93b540000 - 0x00007ff93b6e0000 	C:\WINDOWS\System32\ole32.dll
0x00007ff93a4d0000 - 0x00007ff93a4eb000 	C:\WINDOWS\SYSTEM32\CRYPTSP.dll
0x00007ff939170000 - 0x00007ff9391a5000 	C:\WINDOWS\system32\rsaenh.dll
0x00007ff9398c0000 - 0x00007ff9398ec000 	C:\WINDOWS\SYSTEM32\USERENV.dll
0x00007ff9398f0000 - 0x00007ff9398fc000 	C:\WINDOWS\SYSTEM32\CRYPTBASE.dll
0x00007ff938c90000 - 0x00007ff938cbd000 	C:\WINDOWS\SYSTEM32\IPHLPAPI.DLL
0x00007ff93b530000 - 0x00007ff93b539000 	C:\WINDOWS\System32\NSI.dll
0x00007ff934260000 - 0x00007ff934279000 	C:\WINDOWS\SYSTEM32\dhcpcsvc6.DLL
0x00007ff934240000 - 0x00007ff93425f000 	C:\WINDOWS\SYSTEM32\dhcpcsvc.DLL
0x00007ff938d00000 - 0x00007ff938df9000 	C:\WINDOWS\SYSTEM32\DNSAPI.dll
0x00007ff90a530000 - 0x00007ff90a575000 	C:\Users\USER\AppData\Local\Temp\jna-2614219\jna11612319495163267359.dll
0x00007ff93b4f0000 - 0x00007ff93b4f8000 	C:\WINDOWS\System32\PSAPI.DLL
0x00007ff925f50000 - 0x00007ff925f59000 	C:\Users\USER\.vscode\extensions\redhat.java-1.28.1-win32-x64\jre\17.0.10-win32-x86_64\bin\extnet.dll

dbghelp: loaded successfully - version: 4.0.5 - missing functions: none
symbol engine: initialized successfully - sym options: 0x614 - pdb path: .;c:\Users\USER\.vscode\extensions\redhat.java-1.28.1-win32-x64\jre\17.0.10-win32-x86_64\bin;C:\WINDOWS\SYSTEM32;C:\WINDOWS\WinSxS\amd64_microsoft.windows.common-controls_6595b64144ccf1df_6.0.22621.2506_none_270c5ae97388e100;c:\Users\USER\.vscode\extensions\redhat.java-1.28.1-win32-x64\jre\17.0.10-win32-x86_64\bin\server;C:\Users\USER\AppData\Roaming\Code\User\globalStorage\redhat.java\1.28.1\config_win\org.eclipse.equinox.launcher\org.eclipse.equinox.launcher.win32.win32.x86_64_1.2.900.v20240129-1338;C:\Users\USER\AppData\Local\Temp\jna-2614219

VM Arguments:
jvm_args: --add-modules=ALL-SYSTEM --add-opens=java.base/java.util=ALL-UNNAMED --add-opens=java.base/java.lang=ALL-UNNAMED --add-opens=java.base/sun.nio.fs=ALL-UNNAMED -Declipse.application=org.eclipse.jdt.ls.core.id1 -Dosgi.bundles.defaultStartLevel=4 -Declipse.product=org.eclipse.jdt.ls.core.product -Djava.import.generatesMetadataFilesAtProjectRoot=false -DDetectVMInstallationsJob.disabled=true -Dfile.encoding=utf8 -XX:+UseParallelGC -XX:GCTimeRatio=4 -XX:AdaptiveSizePolicyWeight=90 -Dsun.zip.disableMemoryMapping=true -Xmx2G -Xms100m -Xlog:disable -javaagent:c:\Users\USER\.vscode\extensions\redhat.java-1.28.1-win32-x64\lombok\lombok-1.18.31.jar -XX:+HeapDumpOnOutOfMemoryError -XX:HeapDumpPath=c:\Users\USER\AppData\Roaming\Code\User\workspaceStorage\348ec68ac81c33aba6f0fd2040b2ee88\redhat.java -Daether.dependencyCollector.impl=bf 
java_command: c:\Users\USER\.vscode\extensions\redhat.java-1.28.1-win32-x64\server\plugins\org.eclipse.equinox.launcher_1.6.700.v20231214-2017.jar -configuration c:\Users\USER\AppData\Roaming\Code\User\globalStorage\redhat.java\1.28.1\config_win -data c:\Users\USER\AppData\Roaming\Code\User\workspaceStorage\348ec68ac81c33aba6f0fd2040b2ee88\redhat.java\jdt_ws --stdio
java_class_path (initial): c:\Users\USER\.vscode\extensions\redhat.java-1.28.1-win32-x64\server\plugins\org.eclipse.equinox.launcher_1.6.700.v20231214-2017.jar
Launcher Type: SUN_STANDARD

[Global flags]
    uintx AdaptiveSizePolicyWeight                 = 90                                        {product} {command line}
     intx CICompilerCount                          = 12                                        {product} {ergonomic}
    uintx GCTimeRatio                              = 4                                         {product} {command line}
     bool HeapDumpOnOutOfMemoryError               = true                                   {manageable} {command line}
    ccstr HeapDumpPath                             = c:\Users\USER\AppData\Roaming\Code\User\workspaceStorage\348ec68ac81c33aba6f0fd2040b2ee88\redhat.java         {manageable} {command line}
   size_t InitialHeapSize                          = 104857600                                 {product} {command line}
   size_t MaxHeapSize                              = 2147483648                                {product} {command line}
   size_t MaxNewSize                               = 715653120                                 {product} {ergonomic}
   size_t MinHeapDeltaBytes                        = 524288                                    {product} {ergonomic}
   size_t MinHeapSize                              = 104857600                                 {product} {command line}
   size_t NewSize                                  = 34603008                                  {product} {ergonomic}
    uintx NonNMethodCodeHeapSize                   = 7602480                                {pd product} {ergonomic}
    uintx NonProfiledCodeHeapSize                  = 122027880                              {pd product} {ergonomic}
   size_t OldSize                                  = 70254592                                  {product} {ergonomic}
    uintx ProfiledCodeHeapSize                     = 122027880                              {pd product} {ergonomic}
    uintx ReservedCodeCacheSize                    = 251658240                              {pd product} {ergonomic}
     bool SegmentedCodeCache                       = true                                      {product} {ergonomic}
   size_t SoftMaxHeapSize                          = 2147483648                             {manageable} {ergonomic}
     bool UseCompressedClassPointers               = true                           {product lp64_product} {ergonomic}
     bool UseCompressedOops                        = true                           {product lp64_product} {ergonomic}
     bool UseLargePagesIndividualAllocation        = false                                  {pd product} {ergonomic}
     bool UseParallelGC                            = true                                      {product} {command line}

Logging:
Log output configuration:
 #0: stdout all=off uptime,level,tags
 #1: stderr all=off uptime,level,tags

Environment Variables:
PATH=C:\oraclexe\app\oracle\product\11.2.0\server\bin;C:\Program Files\Common Files\Oracle\Java\javapath;C:\WINDOWS\system32;C:\WINDOWS;C:\WINDOWS\System32\Wbem;C:\WINDOWS\System32\WindowsPowerShell\v1.0\;C:\WINDOWS\System32\OpenSSH\;C:\Program Files (x86)\NVIDIA Corporation\PhysX\Common;C:\Program Files\Git\cmd;C:\Program Files\Bandizip\;C:\Program Files\MySQL\MySQL Server 8.0\bin;C:\Program Files\nodejs\;C:\Program Files\Amazon\AWSCLIV2\;C:\Program Files (x86)\DVC (Data Version Control);C:\Gradle\gradle-8.6\bin;C:\Program Files\MySQL\MySQL Shell 8.0\bin\;C:\Users\USER\AppData\Local\Programs\Python\Python312;C:\Users\USER\AppData\Local\Microsoft\WindowsApps;C:\Users\USER\AppData\Local\GitHubDesktop\bin;C:\Program Files\JetBrains\IntelliJ IDEA 2023.2.2\bin;;C:\Users\USER\AppData\Roaming\npm;C:\Users\USER\AppData\Local\Programs\Microsoft VS Code\bin;
USERNAME=USER
OS=Windows_NT
PROCESSOR_IDENTIFIER=Intel64 Family 6 Model 151 Stepping 2, GenuineIntel
TMP=C:\Users\USER\AppData\Local\Temp
TEMP=C:\Users\USER\AppData\Local\Temp



Periodic native trim disabled


---------------  S Y S T E M  ---------------

OS:
 Windows 11 , 64 bit Build 22621 (10.0.22621.3085)
OS uptime: 1 days 22:54 hours

CPU: total 20 (initial active 20) (10 cores per cpu, 2 threads per core) family 6 model 151 stepping 2 microcode 0x15, cx8, cmov, fxsr, ht, mmx, 3dnowpref, sse, sse2, sse3, ssse3, sse4.1, sse4.2, popcnt, lzcnt, tsc, tscinvbit, avx, avx2, aes, erms, clmul, bmi1, bmi2, adx, sha, fma, vzeroupper, clflush, clflushopt, clwb
Processor Information for processor 0
  Max Mhz: 3610, Current Mhz: 3610, Mhz Limit: 3610
Processor Information for processor 1
  Max Mhz: 3610, Current Mhz: 3610, Mhz Limit: 3610
Processor Information for processor 2
  Max Mhz: 3610, Current Mhz: 3610, Mhz Limit: 3610
Processor Information for processor 3
  Max Mhz: 3610, Current Mhz: 3610, Mhz Limit: 3610
Processor Information for processor 4
  Max Mhz: 3610, Current Mhz: 3610, Mhz Limit: 3610
Processor Information for processor 5
  Max Mhz: 3610, Current Mhz: 3610, Mhz Limit: 3610
Processor Information for processor 6
  Max Mhz: 3610, Current Mhz: 3610, Mhz Limit: 3610
Processor Information for processor 7
  Max Mhz: 3610, Current Mhz: 3610, Mhz Limit: 3610
Processor Information for processor 8
  Max Mhz: 3610, Current Mhz: 3610, Mhz Limit: 3610
Processor Information for processor 9
  Max Mhz: 3610, Current Mhz: 3610, Mhz Limit: 3610
Processor Information for processor 10
  Max Mhz: 3610, Current Mhz: 3610, Mhz Limit: 3610
Processor Information for processor 11
  Max Mhz: 3610, Current Mhz: 3610, Mhz Limit: 3610
Processor Information for processor 12
  Max Mhz: 3610, Current Mhz: 3610, Mhz Limit: 3610
Processor Information for processor 13
  Max Mhz: 3610, Current Mhz: 3610, Mhz Limit: 3610
Processor Information for processor 14
  Max Mhz: 3610, Current Mhz: 3610, Mhz Limit: 3610
Processor Information for processor 15
  Max Mhz: 3610, Current Mhz: 3610, Mhz Limit: 3610
Processor Information for processor 16
  Max Mhz: 3610, Current Mhz: 2707, Mhz Limit: 2707
Processor Information for processor 17
  Max Mhz: 3610, Current Mhz: 2707, Mhz Limit: 2707
Processor Information for processor 18
  Max Mhz: 3610, Current Mhz: 2707, Mhz Limit: 2707
Processor Information for processor 19
  Max Mhz: 3610, Current Mhz: 2707, Mhz Limit: 2707

Memory: 4k page, system-wide physical 32541M (17689M free)
TotalPageFile size 34589M (AvailPageFile size 11468M)
current process WorkingSet (physical memory assigned to process): 957M, peak: 1210M
current process commit charge ("private bytes"): 791M, peak: 1097M

vm_info: OpenJDK 64-Bit Server VM (17.0.10+7) for windows-amd64 JRE (17.0.10+7), built on Jan 16 2024 23:25:11 by "admin" with MS VC++ 16.10 / 16.11 (VS2019)

END.
