#
# A fatal error has been detected by the Java Runtime Environment:
#
#  EXCEPTION_ACCESS_VIOLATION (0xc0000005) at pc=0x00007ff8d97ccac8, pid=20560, tid=13064
#
# JRE version: OpenJDK Runtime Environment Temurin-17.0.10+7 (17.0.10+7) (build 17.0.10+7)
# Java VM: OpenJDK 64-Bit Server VM Temurin-17.0.10+7 (17.0.10+7, mixed mode, tiered, compressed oops, compressed class ptrs, parallel gc, windows-amd64)
# Problematic frame:
# V  [jvm.dll+0xcac8]
#
# No core dump will be written. Minidumps are not enabled by default on client versions of Windows
#
# If you would like to submit a bug report, please visit:
#   https://github.com/adoptium/adoptium-support/issues
#

---------------  S U M M A R Y ------------

Command Line: --add-modules=ALL-SYSTEM --add-opens=java.base/java.util=ALL-UNNAMED --add-opens=java.base/java.lang=ALL-UNNAMED --add-opens=java.base/sun.nio.fs=ALL-UNNAMED -Declipse.application=org.eclipse.jdt.ls.core.id1 -Dosgi.bundles.defaultStartLevel=4 -Declipse.product=org.eclipse.jdt.ls.core.product -Djava.import.generatesMetadataFilesAtProjectRoot=false -DDetectVMInstallationsJob.disabled=true -Dfile.encoding=utf8 -XX:+UseParallelGC -XX:GCTimeRatio=4 -XX:AdaptiveSizePolicyWeight=90 -Dsun.zip.disableMemoryMapping=true -Xmx2G -Xms100m -Xlog:disable -javaagent:c:\Users\USER\.vscode\extensions\redhat.java-1.28.1-win32-x64\lombok\lombok-1.18.31.jar -XX:+HeapDumpOnOutOfMemoryError -XX:HeapDumpPath=c:\Users\USER\AppData\Roaming\Code\User\workspaceStorage\348ec68ac81c33aba6f0fd2040b2ee88\redhat.java -Daether.dependencyCollector.impl=bf c:\Users\USER\.vscode\extensions\redhat.java-1.28.1-win32-x64\server\plugins\org.eclipse.equinox.launcher_1.6.700.v20231214-2017.jar -configuration c:\Users\USER\AppData\Roaming\Code\User\globalStorage\redhat.java\1.28.1\config_win -data c:\Users\USER\AppData\Roaming\Code\User\workspaceStorage\348ec68ac81c33aba6f0fd2040b2ee88\redhat.java\jdt_ws --stdio

Host: 12th Gen Intel(R) Core(TM) i7-12700K, 20 cores, 31G,  Windows 11 , 64 bit Build 22621 (10.0.22621.3085)
Time: Mon Mar  4 17:58:42 2024  Windows 11 , 64 bit Build 22621 (10.0.22621.3085) elapsed time: 27514.196054 seconds (0d 7h 38m 34s)

---------------  T H R E A D  ---------------

Current thread (0x00000269ae2fe180):  GCTaskThread "GC Thread#8" [stack: 0x000000a0a4200000,0x000000a0a4300000] [id=13064]

Stack: [0x000000a0a4200000,0x000000a0a4300000],  sp=0x000000a0a42ff688,  free space=1021k
Native frames: (J=compiled Java code, j=interpreted, Vv=VM code, C=native code)
V  [jvm.dll+0xcac8]


siginfo: EXCEPTION_ACCESS_VIOLATION (0xc0000005), reading address 0x0000000000000010


Registers:
RAX=0x0000000000000001, RBX=0x0000000083186140, RCX=0x0000000000000003, RDX=0x0000000083186140
RSP=0x000000a0a42ff688, RBP=0x00000269a5875b30, RSI=0x0000000000000005, RDI=0x0000000083185e24
R8 =0x0000000000000008, R9 =0x000000000001cde0, R10=0x0000000083186168, R11=0x0000000000000063
R12=0x000000a0a23fed48, R13=0x0000000000000010, R14=0x0000000083185e70, R15=0x0000000000000000
RIP=0x00007ff8d97ccac8, EFLAGS=0x0000000000010202


Register to memory mapping:

RIP=0x00007ff8d97ccac8 jvm.dll
RAX=0x0000000000000001 is an unknown value
RBX=
[error occurred during error reporting (printing register info), id 0xc0000005, EXCEPTION_ACCESS_VIOLATION (0xc0000005) at pc=0x00007ff8d9e49936]

Top of Stack: (sp=0x000000a0a42ff688)
0x000000a0a42ff688:   00007ff8d9e70328 0000000083186168
0x000000a0a42ff698:   0000000083185e20 0000000000000000
0x000000a0a42ff6a8:   00007ff8da2ec7a0 00007ff8da2ec7a0
0x000000a0a42ff6b8:   00007ff8d9e70663 00000269a5875b30
0x000000a0a42ff6c8:   00007ff8da0dbb90 00007ff8da171158
0x000000a0a42ff6d8:   000000000001cd38 0000000000000000
0x000000a0a42ff6e8:   0000000100000000 00000269a5875b30
0x000000a0a42ff6f8:   00007ff8d9e6e581 0000000083185b70
0x000000a0a42ff708:   0000000000000000 00007ff8da0dbb90
0x000000a0a42ff718:   000002698f666600 00000001005d59e8
0x000000a0a42ff728:   00007ff8d9e6edee 0000000000000000
0x000000a0a42ff738:   0000000000000000 0000000000000005
0x000000a0a42ff748:   000000008754bf28 00007ff8da2ec7a0
0x000000a0a42ff758:   000000000000000c 00000269a5875b30
0x000000a0a42ff768:   00007ff8d9e78de1 000000000000000c
0x000000a0a42ff778:   000ff0ee0001cd38 00000269a5875b30
0x000000a0a42ff788:   00007ff8da171158 0000000087533f18
0x000000a0a42ff798:   000000a000005800 00007ff8da171158
0x000000a0a42ff7a8:   000002698f666600 0000000000000003
0x000000a0a42ff7b8:   00000269a5875b30 0000000000000005
0x000000a0a42ff7c8:   000000a0a23fed40 000000a0a23fed08
0x000000a0a42ff7d8:   000000a0a23fec00 000000a0a23fec00
0x000000a0a42ff7e8:   00007ff8d9e79cfa 0000000000000005
0x000000a0a42ff7f8:   000000a0a42ff870 0000000083185b50
0x000000a0a42ff808:   00000269ae2fe180 000000000000000e
0x000000a0a42ff818:   00000269ae2fe180 0000000500000002
0x000000a0a42ff828:   00000269a5875b30 00007ff8da171948
0x000000a0a42ff838:   00000269a5875b30 00007ff8da171b50
0x000000a0a42ff848:   0000000000000005 0000000000000000
0x000000a0a42ff858:   0000000000000000 0000000000000000
0x000000a0a42ff868:   0000d5a7f7dc5dd0 0000000000000000
0x000000a0a42ff878:   00000269ae2fe180 0000000000000000 

Instructions: (pc=0x00007ff8d97ccac8)
0x00007ff8d97cc9c8:   48 83 c4 20 5e c3 cc cc 48 8b 01 c3 cc cc cc cc
0x00007ff8d97cc9d8:   cc cc cc cc cc cc cc cc 4c 8b 01 4c 8b c9 48 8b
0x00007ff8d97cc9e8:   0d e3 60 b6 00 ba 44 60 08 00 e9 d9 f1 ff ff cc
0x00007ff8d97cc9f8:   cc cc cc cc cc cc cc cc 48 89 5c 24 08 57 48 83
0x00007ff8d97cca08:   ec 20 48 8b 39 48 8b d9 48 85 3d 01 4a bb 00 75
0x00007ff8d97cca18:   0e 48 8b c7 48 8b 5c 24 30 48 83 c4 20 5f c3 48
0x00007ff8d97cca28:   8b cf e8 41 98 85 00 48 8b d0 48 85 c0 74 20 48
0x00007ff8d97cca38:   8b c7 f0 48 0f b1 13 74 16 48 85 05 d0 49 bb 00
0x00007ff8d97cca48:   74 0d 48 8b c8 f0 48 0f b1 13 48 3b c1 75 ea 48
0x00007ff8d97cca58:   8b 5c 24 30 48 8b c2 48 83 c4 20 5f c3 cc cc cc
0x00007ff8d97cca68:   cc cc cc cc cc cc cc cc 4c 8b 01 4c 8b c9 48 8b
0x00007ff8d97cca78:   0d 53 60 b6 00 ba 64 60 08 00 e9 49 f1 ff ff cc
0x00007ff8d97cca88:   cc cc cc cc cc cc cc cc 8b 05 62 a8 b0 00 c3 cc
0x00007ff8d97cca98:   cc cc cc cc cc cc cc cc 0f b6 05 db 68 b7 00 48
0x00007ff8d97ccaa8:   8b d1 84 c0 74 16 44 8b 41 08 8b 0d 40 a8 b0 00
0x00007ff8d97ccab8:   49 d3 e0 4c 03 05 2e a8 b0 00 eb 04 4c 8b 41 08
0x00007ff8d97ccac8:   45 8b 50 08 45 85 d2 7e 0e 41 f6 c2 01 75 53 41
0x00007ff8d97ccad8:   c1 fa 03 41 8b c2 c3 79 49 84 c0 b9 10 00 00 00
0x00007ff8d97ccae8:   8b 05 46 b7 b0 00 41 b8 0c 00 00 00 41 0f 45 c8
0x00007ff8d97ccaf8:   ff c8 4c 63 c8 48 63 14 11 41 8b ca 83 e1 3f 48
0x00007ff8d97ccb08:   d3 e2 41 8b ca 48 c1 f9 10 0f b6 c1 49 8d 0c 11
0x00007ff8d97ccb18:   49 f7 d1 48 03 c1 49 c1 e9 03 48 c1 e8 03 41 23
0x00007ff8d97ccb28:   c1 c3 49 8b 00 49 8b c8 48 ff a0 00 01 00 00 cc
0x00007ff8d97ccb38:   cc cc cc cc cc cc cc cc 8b 44 24 30 45 03 c9 44
0x00007ff8d97ccb48:   2b 4c 24 28 83 c0 0b 44 03 ca 45 03 c8 41 03 c1
0x00007ff8d97ccb58:   c3 cc cc cc cc cc cc cc 4c 8b ca 48 8b d1 45 8b
0x00007ff8d97ccb68:   41 08 45 85 c0 7e 0e 41 f6 c0 01 75 56 41 c1 f8
0x00007ff8d97ccb78:   03 41 8b c0 c3 79 4c 80 3d fc 67 b7 00 00 b8 0c
0x00007ff8d97ccb88:   00 00 00 b9 10 00 00 00 0f 45 c8 8b 05 9b b6 b0
0x00007ff8d97ccb98:   00 ff c8 4c 63 c8 48 63 14 11 41 8b c8 83 e1 3f
0x00007ff8d97ccba8:   48 d3 e2 41 8b c8 48 c1 f9 10 0f b6 c1 49 8d 0c
0x00007ff8d97ccbb8:   11 49 f7 d1 48 03 c1 49 c1 e9 03 48 c1 e8 03 41 


Stack slot to memory mapping:
stack at sp + 0 slots: 0x00007ff8d9e70328 jvm.dll
stack at sp + 1 slots: 0x0000000083186168 is an oop: org.eclipse.jdt.internal.core.ClassFile 
{0x0000000083186168} - klass: 'org/eclipse/jdt/internal/core/ClassFile'
 - ---- fields (total size 5 words):
 - private 'hashCode' 'I' @12  0
 - private final 'parent' 'Lorg/eclipse/jdt/internal/core/JavaElement;' @16  a 'org/eclipse/jdt/internal/core/JarPackageFragment'{0x0000000082f96048} (82f96048)
 - private final 'project' 'Lorg/eclipse/jdt/internal/core/JavaProject;' @20  a 'org/eclipse/jdt/internal/core/JavaProject'{0x0000000081153280} (81153280)
 - protected final 'name' 'Ljava/lang/String;' @24  "ExifTIFFTagSet$SubjectLocation"{0x0000000082f6b2c0} (82f6b2c0)
 - protected 'binaryType' 'Lorg/eclipse/jdt/internal/core/BinaryType;' @28  NULL (0)
 - private 'externalAnnotationBase' 'Lorg/eclipse/core/runtime/IPath;' @32  NULL (0)
stack at sp + 2 slots: 0x0000000083185e20 is pointing into object: [Lorg.eclipse.jdt.core.IJavaElement; 
{0x0000000083185b70} - klass: 'org/eclipse/jdt/core/IJavaElement'[]
 - length: 188
stack at sp + 3 slots: 0x0 is NULL
stack at sp + 4 slots: 0x00007ff8da2ec7a0 jvm.dll
stack at sp + 5 slots: 0x00007ff8da2ec7a0 jvm.dll
stack at sp + 6 slots: 0x00007ff8d9e70663 jvm.dll
stack at sp + 7 slots: 0x00000269a5875b30 points into unknown readable memory: 0x000002698d2c0150 | 50 01 2c 8d 69 02 00 00


---------------  P R O C E S S  ---------------

Threads class SMR info:
_java_thread_list=0x00000269b22da9d0, length=56, elements={
0x000002698f64e4f0, 0x00000269a58d4010, 0x00000269aaab6cc0, 0x00000269a58da480,
0x00000269a58dae50, 0x00000269a58dc0c0, 0x00000269a58dd940, 0x00000269aab22020,
0x00000269aab34c40, 0x00000269aab37170, 0x00000269aac33050, 0x00000269ad2b1020,
0x00000269ada68940, 0x00000269adbdb050, 0x00000269adc428b0, 0x00000269adb7fe80,
0x00000269ae2fdc30, 0x00000269ae3d54e0, 0x00000269ae3d5f00, 0x00000269ae3d45b0,
0x00000269ae3d2c60, 0x00000269ae3d3680, 0x00000269ae3d3b90, 0x00000269adc550c0,
0x00000269b0082a30, 0x00000269b0082f40, 0x00000269b00857c0, 0x00000269ba970420,
0x00000269ba972280, 0x00000269ba96c250, 0x00000269b00861e0, 0x00000269b0088040,
0x00000269b0089990, 0x00000269b0083e70, 0x00000269b0087110, 0x00000269b0084890,
0x00000269b0084da0, 0x00000269b00852b0, 0x00000269b0085cd0, 0x00000269b00866f0,
0x00000269b0087b30, 0x00000269ba970e40, 0x00000269ba96c760, 0x00000269ba96efe0,
0x00000269ba96fa00, 0x00000269ba96e0b0, 0x00000269ba971350, 0x00000269ba96d180,
0x00000269ba971860, 0x00000269ba96e5c0, 0x00000269ba971d70, 0x00000269ba96d690,
0x00000269ba96dba0, 0x00000269ba972790, 0x00000269ba96b830, 0x00000269adc56a10
}

Java Threads: ( => current thread )
  0x000002698f64e4f0 JavaThread "main" [_thread_blocked, id=14768, stack(0x000000a0a2100000,0x000000a0a2200000)]
  0x00000269a58d4010 JavaThread "Reference Handler" daemon [_thread_blocked, id=14688, stack(0x000000a0a2400000,0x000000a0a2500000)]
  0x00000269aaab6cc0 JavaThread "Finalizer" daemon [_thread_blocked, id=3104, stack(0x000000a0a2500000,0x000000a0a2600000)]
  0x00000269a58da480 JavaThread "Signal Dispatcher" daemon [_thread_blocked, id=8736, stack(0x000000a0a2600000,0x000000a0a2700000)]
  0x00000269a58dae50 JavaThread "Attach Listener" daemon [_thread_blocked, id=1852, stack(0x000000a0a2700000,0x000000a0a2800000)]
  0x00000269a58dc0c0 JavaThread "Service Thread" daemon [_thread_blocked, id=11744, stack(0x000000a0a2800000,0x000000a0a2900000)]
  0x00000269a58dd940 JavaThread "Monitor Deflation Thread" daemon [_thread_blocked, id=3076, stack(0x000000a0a2900000,0x000000a0a2a00000)]
  0x00000269aab22020 JavaThread "C2 CompilerThread0" daemon [_thread_blocked, id=7736, stack(0x000000a0a2a00000,0x000000a0a2b00000)]
  0x00000269aab34c40 JavaThread "C1 CompilerThread0" daemon [_thread_blocked, id=13956, stack(0x000000a0a2b00000,0x000000a0a2c00000)]
  0x00000269aab37170 JavaThread "Sweeper thread" daemon [_thread_blocked, id=15076, stack(0x000000a0a2c00000,0x000000a0a2d00000)]
  0x00000269aac33050 JavaThread "Common-Cleaner" daemon [_thread_blocked, id=8384, stack(0x000000a0a2d00000,0x000000a0a2e00000)]
  0x00000269ad2b1020 JavaThread "Notification Thread" daemon [_thread_blocked, id=15236, stack(0x000000a0a3300000,0x000000a0a3400000)]
  0x00000269ada68940 JavaThread "Active Thread: Equinox Container: 4d20d012-5eac-4832-802b-08c9dcb88f83" [_thread_blocked, id=892, stack(0x000000a0a3c00000,0x000000a0a3d00000)]
  0x00000269adbdb050 JavaThread "Framework Event Dispatcher: Equinox Container: 4d20d012-5eac-4832-802b-08c9dcb88f83" daemon [_thread_blocked, id=11268, stack(0x000000a0a3d00000,0x000000a0a3e00000)]
  0x00000269adc428b0 JavaThread "Start Level: Equinox Container: 4d20d012-5eac-4832-802b-08c9dcb88f83" daemon [_thread_blocked, id=19676, stack(0x000000a0a3e00000,0x000000a0a3f00000)]
  0x00000269adb7fe80 JavaThread "Bundle File Closer" daemon [_thread_blocked, id=3652, stack(0x000000a0a4100000,0x000000a0a4200000)]
  0x00000269ae2fdc30 JavaThread "SCR Component Actor" daemon [_thread_blocked, id=8292, stack(0x000000a0a4300000,0x000000a0a4400000)]
  0x00000269ae3d54e0 JavaThread "Worker-JM" [_thread_blocked, id=12612, stack(0x000000a0a3100000,0x000000a0a3200000)]
  0x00000269ae3d5f00 JavaThread "Java indexing" daemon [_thread_blocked, id=19688, stack(0x000000a0a4c00000,0x000000a0a4d00000)]
  0x00000269ae3d45b0 JavaThread "JNA Cleaner" daemon [_thread_blocked, id=12824, stack(0x000000a0a4d00000,0x000000a0a4e00000)]
  0x00000269ae3d2c60 JavaThread "pool-2-thread-1" [_thread_blocked, id=21288, stack(0x000000a0a5000000,0x000000a0a5100000)]
  0x00000269ae3d3680 JavaThread "WorkspaceEventsHandler" [_thread_blocked, id=10108, stack(0x000000a0a5100000,0x000000a0a5200000)]
  0x00000269ae3d3b90 JavaThread "pool-1-thread-1" [_thread_blocked, id=18408, stack(0x000000a0a5200000,0x000000a0a5300000)]
  0x00000269adc550c0 JavaThread "pool-3-thread-1" [_thread_in_native, id=13760, stack(0x000000a0a5900000,0x000000a0a5a00000)]
  0x00000269b0082a30 JavaThread "Java Debug Server" daemon [_thread_in_native, id=16468, stack(0x000000a0a5700000,0x000000a0a5800000)]
  0x00000269b0082f40 JavaThread "RxSchedulerPurge-1" daemon [_thread_blocked, id=21468, stack(0x000000a0a5b00000,0x000000a0a5c00000)]
  0x00000269b00857c0 JavaThread "RxCachedWorkerPoolEvictor-1" daemon [_thread_blocked, id=17144, stack(0x000000a0a5c00000,0x000000a0a5d00000)]
  0x00000269ba970420 JavaThread "pool-4-thread-2" [_thread_in_native, id=6360, stack(0x000000a0a4f00000,0x000000a0a5000000)]
  0x00000269ba972280 JavaThread "process reaper (pid 7156)" daemon [_thread_in_native, id=8176, stack(0x000000a0a1bb0000,0x000000a0a1bd0000)]
  0x00000269ba96c250 JavaThread "Worker-23" [_thread_blocked, id=14040, stack(0x000000a0a1e00000,0x000000a0a1f00000)]
  0x00000269b00861e0 JavaThread "RxNewThreadScheduler-5" daemon [_thread_blocked, id=6188, stack(0x000000a0a5300000,0x000000a0a5400000)]
  0x00000269b0088040 JavaThread "Worker-28" [_thread_blocked, id=20924, stack(0x000000a0a5500000,0x000000a0a5600000)]
  0x00000269b0089990 JavaThread "Worker-29" [_thread_blocked, id=2816, stack(0x000000a0a1f00000,0x000000a0a2000000)]
  0x00000269b0083e70 JavaThread "Worker-30" [_thread_blocked, id=14856, stack(0x000000a0a2000000,0x000000a0a2100000)]
  0x00000269b0087110 JavaThread "ForkJoinPool.commonPool-worker-65" daemon [_thread_blocked, id=21012, stack(0x000000a0a2e00000,0x000000a0a2f00000)]
  0x00000269b0084890 JavaThread "ForkJoinPool.commonPool-worker-66" daemon [_thread_blocked, id=10076, stack(0x000000a0a2f00000,0x000000a0a3000000)]
  0x00000269b0084da0 JavaThread "ForkJoinPool.commonPool-worker-67" daemon [_thread_blocked, id=21092, stack(0x000000a0a3000000,0x000000a0a3100000)]
  0x00000269b00852b0 JavaThread "ForkJoinPool.commonPool-worker-68" daemon [_thread_blocked, id=18324, stack(0x000000a0a3200000,0x000000a0a3300000)]
  0x00000269b0085cd0 JavaThread "ForkJoinPool.commonPool-worker-69" daemon [_thread_blocked, id=13356, stack(0x000000a0a4400000,0x000000a0a4500000)]
  0x00000269b00866f0 JavaThread "ForkJoinPool.commonPool-worker-70" daemon [_thread_blocked, id=19024, stack(0x000000a0a4600000,0x000000a0a4700000)]
  0x00000269b0087b30 JavaThread "Worker-31" [_thread_blocked, id=17460, stack(0x000000a0a4700000,0x000000a0a4800000)]
  0x00000269ba970e40 JavaThread "ForkJoinPool.commonPool-worker-71" daemon [_thread_blocked, id=19896, stack(0x000000a0a4b00000,0x000000a0a4c00000)]
  0x00000269ba96c760 JavaThread "ForkJoinPool.commonPool-worker-72" daemon [_thread_blocked, id=10428, stack(0x000000a0a4e00000,0x000000a0a4f00000)]
  0x00000269ba96efe0 JavaThread "ForkJoinPool.commonPool-worker-73" daemon [_thread_blocked, id=20700, stack(0x000000a0a5400000,0x000000a0a5500000)]
  0x00000269ba96fa00 JavaThread "ForkJoinPool.commonPool-worker-74" daemon [_thread_blocked, id=2796, stack(0x000000a0a5600000,0x000000a0a5700000)]
  0x00000269ba96e0b0 JavaThread "ForkJoinPool.commonPool-worker-75" daemon [_thread_blocked, id=9384, stack(0x000000a0a5800000,0x000000a0a5900000)]
  0x00000269ba971350 JavaThread "ForkJoinPool.commonPool-worker-76" daemon [_thread_blocked, id=10432, stack(0x000000a0a5a00000,0x000000a0a5b00000)]
  0x00000269ba96d180 JavaThread "ForkJoinPool.commonPool-worker-77" daemon [_thread_blocked, id=6200, stack(0x000000a0a5d00000,0x000000a0a5e00000)]
  0x00000269ba971860 JavaThread "ForkJoinPool.commonPool-worker-78" daemon [_thread_blocked, id=21084, stack(0x000000a0a5e00000,0x000000a0a5f00000)]
  0x00000269ba96e5c0 JavaThread "ForkJoinPool.commonPool-worker-79" daemon [_thread_blocked, id=7596, stack(0x000000a0a5f00000,0x000000a0a6000000)]
  0x00000269ba971d70 JavaThread "ForkJoinPool.commonPool-worker-80" daemon [_thread_blocked, id=15560, stack(0x000000a0a6000000,0x000000a0a6100000)]
  0x00000269ba96d690 JavaThread "ForkJoinPool.commonPool-worker-81" daemon [_thread_blocked, id=20152, stack(0x000000a0a6100000,0x000000a0a6200000)]
  0x00000269ba96dba0 JavaThread "ForkJoinPool.commonPool-worker-82" daemon [_thread_blocked, id=10080, stack(0x000000a0a6200000,0x000000a0a6300000)]
  0x00000269ba972790 JavaThread "ForkJoinPool.commonPool-worker-83" daemon [_thread_blocked, id=17076, stack(0x000000a0a6300000,0x000000a0a6400000)]
  0x00000269ba96b830 JavaThread "Worker-32" [_thread_blocked, id=19160, stack(0x000000a0a6500000,0x000000a0a6600000)]
  0x00000269adc56a10 JavaThread "pool-1-thread-13" [_thread_blocked, id=8440, stack(0x000000a0a6400000,0x000000a0a6500000)]

Other Threads:
  0x000002698f6feb80 VMThread "VM Thread" [stack: 0x000000a0a2300000,0x000000a0a2400000] [id=8636]
  0x00000269ad2b1500 WatcherThread [stack: 0x000000a0a3400000,0x000000a0a3500000] [id=19436]
  0x000002698f665200 GCTaskThread "GC Thread#0" [stack: 0x000000a0a2200000,0x000000a0a2300000] [id=8392]
  0x00000269ada0d6e0 GCTaskThread "GC Thread#1" [stack: 0x000000a0a3700000,0x000000a0a3800000] [id=7588]
  0x00000269ada12ed0 GCTaskThread "GC Thread#2" [stack: 0x000000a0a3800000,0x000000a0a3900000] [id=7764]
  0x00000269ada13190 GCTaskThread "GC Thread#3" [stack: 0x000000a0a3900000,0x000000a0a3a00000] [id=7508]
  0x00000269ad669a60 GCTaskThread "GC Thread#4" [stack: 0x000000a0a3a00000,0x000000a0a3b00000] [id=5772]
  0x00000269ad66a120 GCTaskThread "GC Thread#5" [stack: 0x000000a0a3b00000,0x000000a0a3c00000] [id=13640]
  0x00000269adc58190 GCTaskThread "GC Thread#6" [stack: 0x000000a0a3f00000,0x000000a0a4000000] [id=13116]
  0x00000269adbef4f0 GCTaskThread "GC Thread#7" [stack: 0x000000a0a4000000,0x000000a0a4100000] [id=12676]
=>0x00000269ae2fe180 GCTaskThread "GC Thread#8" [stack: 0x000000a0a4200000,0x000000a0a4300000] [id=13064]
  0x00000269ae175430 GCTaskThread "GC Thread#9" [stack: 0x000000a0a3500000,0x000000a0a3600000] [id=7984]
  0x00000269ae175f00 GCTaskThread "GC Thread#10" [stack: 0x000000a0a3600000,0x000000a0a3700000] [id=7180]
  0x00000269ae32e380 GCTaskThread "GC Thread#11" [stack: 0x000000a0a4500000,0x000000a0a4600000] [id=15764]
  0x00000269ae675b00 GCTaskThread "GC Thread#12" [stack: 0x000000a0a4800000,0x000000a0a4900000] [id=11864]
  0x00000269ae6909c0 GCTaskThread "GC Thread#13" [stack: 0x000000a0a4900000,0x000000a0a4a00000] [id=1208]
  0x00000269ae690c80 GCTaskThread "GC Thread#14" [stack: 0x000000a0a4a00000,0x000000a0a4b00000] [id=20020]

Threads with active compile tasks:

VM state: at safepoint (normal execution)

VM Mutex/Monitor currently owned by a thread:  ([mutex/lock_event])
[0x000002698f64b930] Threads_lock - owner thread: 0x000002698f6feb80
[0x000002698f64afa0] Heap_lock - owner thread: 0x00000269ae3d3b90

Heap address: 0x0000000080000000, size: 2048 MB, Compressed Oops mode: 32-bit

CDS archive(s) not mapped
Compressed class space mapped at: 0x0000000100000000-0x0000000140000000, reserved size: 1073741824
Narrow klass base: 0x0000000000000000, Narrow klass shift: 3, Narrow klass range: 0x140000000

GC Precious Log:
 CPUs: 20 total, 20 available
 Memory: 32541M
 Large Page Support: Disabled
 NUMA Support: Disabled
 Compressed Oops: Enabled (32-bit)
 Alignments: Space 512K, Generation 512K, Heap 2M
 Heap Min Capacity: 100M
 Heap Initial Capacity: 100M
 Heap Max Capacity: 2G
 Pre-touch: Disabled
 Parallel Workers: 15

Heap:
 PSYoungGen      total 12288K, used 2239K [0x00000000d5580000, 0x00000000d6580000, 0x0000000100000000)
  eden space 9728K, 0% used [0x00000000d5580000,0x00000000d5580000,0x00000000d5f00000)
  from space 2560K, 87% used [0x00000000d6300000,0x00000000d652fe80,0x00000000d6580000)
  to   space 3072K, 0% used [0x00000000d5f80000,0x00000000d5f80000,0x00000000d6280000)
 ParOldGen       total 173568K, used 173180K [0x0000000080000000, 0x000000008a980000, 0x00000000d5580000)
  object space 173568K, 99% used [0x0000000080000000,0x000000008a91f3a0,0x000000008a980000)
 Metaspace       used 94637K, committed 95936K, reserved 1179648K
  class space    used 9202K, committed 9792K, reserved 1048576K

Card table byte_map: [0x000002698eef0000,0x000002698f300000] _byte_map_base: 0x000002698eaf0000

Marking Bits: (ParMarkBitMap*) 0x00007ff8da35d7d0
 Begin Bits: [0x00000269a12e0000, 0x00000269a32e0000)
 End Bits:   [0x00000269a32e0000, 0x00000269a52e0000)

Polling page: 0x000002698d270000

Metaspace:

Usage:
  Non-class:     83.43 MB used.
      Class:      8.99 MB used.
       Both:     92.42 MB used.

Virtual space:
  Non-class space:      128.00 MB reserved,      84.12 MB ( 66%) committed,  2 nodes.
      Class space:        1.00 GB reserved,       9.56 MB ( <1%) committed,  1 nodes.
             Both:        1.12 GB reserved,      93.69 MB (  8%) committed. 

Chunk freelists:
   Non-Class:  11.16 MB
       Class:  6.43 MB
        Both:  17.59 MB

MaxMetaspaceSize: unlimited
CompressedClassSpaceSize: 1.00 GB
Initial GC threshold: 21.00 MB
Current GC threshold: 156.06 MB
CDS: off
MetaspaceReclaimPolicy: balanced
 - commit_granule_bytes: 65536.
 - commit_granule_words: 8192.
 - virtual_space_node_default_size: 8388608.
 - enlarge_chunks_in_place: 1.
 - new_chunks_are_fully_committed: 0.
 - uncommit_free_chunks: 1.
 - use_allocation_guard: 0.
 - handle_deallocations: 1.


Internal statistics:

num_allocs_failed_limit: 6.
num_arena_births: 1136.
num_arena_deaths: 386.
num_vsnodes_births: 3.
num_vsnodes_deaths: 0.
num_space_committed: 1499.
num_space_uncommitted: 0.
num_chunks_returned_to_freelist: 457.
num_chunks_taken_from_freelist: 5452.
num_chunk_merges: 184.
num_chunk_splits: 3259.
num_chunks_enlarged: 1860.
num_inconsistent_stats: 0.

CodeHeap 'non-profiled nmethods': size=119168Kb used=32126Kb max_used=32126Kb free=87042Kb
 bounds [0x0000026999e80000, 0x000002699bde0000, 0x00000269a12e0000]
CodeHeap 'profiled nmethods': size=119104Kb used=41173Kb max_used=42760Kb free=77930Kb
 bounds [0x00000269922e0000, 0x0000026994cb0000, 0x0000026999730000]
CodeHeap 'non-nmethods': size=7488Kb used=1420Kb max_used=3181Kb free=6067Kb
 bounds [0x0000026999730000, 0x0000026999a60000, 0x0000026999e80000]
 total_blobs=21012 nmethods=20239 adapters=677
 compilation: enabled
              stopped_count=0, restarted_count=0
 full_count=0

Compilation events (20 events):
Event: 27513.000 Thread 0x00000269aab34c40 nmethod 30056 0x0000026993ccef10 code [0x0000026993ccf0a0, 0x0000026993ccf258]
Event: 27513.000 Thread 0x00000269aab34c40 30057       3       org.eclipse.jdt.internal.core.SearchableEnvironment::getSearchScope (62 bytes)
Event: 27513.000 Thread 0x00000269aab34c40 nmethod 30057 0x00000269943ab990 code [0x00000269943abb80, 0x00000269943ac158]
Event: 27513.000 Thread 0x00000269aab34c40 30058       3       org.eclipse.jdt.internal.core.SearchableEnvironment$3::beginTask (1 bytes)
Event: 27513.000 Thread 0x00000269aab34c40 nmethod 30058 0x0000026993f79510 code [0x0000026993f796a0, 0x0000026993f797b8]
Event: 27513.000 Thread 0x00000269aab34c40 30063       3       org.eclipse.jdt.internal.core.SearchableEnvironment$3::done (1 bytes)
Event: 27513.000 Thread 0x00000269aab34c40 nmethod 30063 0x0000026993f7a810 code [0x0000026993f7a9a0, 0x0000026993f7aab8]
Event: 27513.034 Thread 0x00000269aab22020 nmethod 30059 0x000002699bdb5910 code [0x000002699bdb5cc0, 0x000002699bdb97d8]
Event: 27513.034 Thread 0x00000269aab22020 30061       4       org.eclipse.jdt.internal.core.search.JavaSearchScope::indexOf (81 bytes)
Event: 27513.040 Thread 0x00000269aab22020 nmethod 30061 0x000002699bdbba90 code [0x000002699bdbbca0, 0x000002699bdbc7f0]
Event: 27513.040 Thread 0x00000269aab22020 30062       4       org.eclipse.jdt.internal.core.search.JavaSearchScope::indexOf (82 bytes)
Event: 27513.051 Thread 0x00000269aab22020 nmethod 30062 0x000002699bdbd090 code [0x000002699bdbd2e0, 0x000002699bdbe6c0]
Event: 27513.051 Thread 0x00000269aab22020 30060       4       org.eclipse.jdt.internal.core.search.JavaSearchScope::getAccessRuleSet (68 bytes)
Event: 27513.052 Thread 0x00000269aab22020 nmethod 30060 0x000002699bdbf610 code [0x000002699bdbf7a0, 0x000002699bdbfa28]
Event: 27513.211 Thread 0x00000269aab22020 30064       4       org.eclipse.jdt.internal.core.CompilationUnitStructureRequestor::createMethodInfo (466 bytes)
Event: 27513.331 Thread 0x00000269aab22020 nmethod 30064 0x000002699bdbfb90 code [0x000002699bdc02a0, 0x000002699bdc9ca8]
Event: 27513.461 Thread 0x00000269aab22020 30065       4       org.eclipse.jdt.internal.compiler.parser.Parser::consumeNormalAnnotation (227 bytes)
Event: 27513.469 Thread 0x00000269aab22020 nmethod 30065 0x000002699bdcf090 code [0x000002699bdcf2a0, 0x000002699bdd05c8]
Event: 27513.736 Thread 0x00000269aab22020 30066   !   4       org.eclipse.jdt.core.dom.ASTConverter::convert (770 bytes)
Event: 27513.841 Thread 0x00000269aab22020 nmethod 30066 0x000002699bdd0f90 code [0x000002699bdd1700, 0x000002699bdd9e30]

GC Heap History (20 events):
Event: 27508.978 GC heap after
{Heap after GC invocations=16475 (full 426):
 PSYoungGen      total 12800K, used 1584K [0x00000000d5580000, 0x00000000d6580000, 0x0000000100000000)
  eden space 10752K, 0% used [0x00000000d5580000,0x00000000d5580000,0x00000000d6000000)
  from space 2048K, 77% used [0x00000000d6000000,0x00000000d618c348,0x00000000d6200000)
  to   space 2048K, 0% used [0x00000000d6380000,0x00000000d6380000,0x00000000d6580000)
 ParOldGen       total 173568K, used 167363K [0x0000000080000000, 0x000000008a980000, 0x00000000d5580000)
  object space 173568K, 96% used [0x0000000080000000,0x000000008a370dd0,0x000000008a980000)
 Metaspace       used 94631K, committed 95936K, reserved 1179648K
  class space    used 9202K, committed 9792K, reserved 1048576K
}
Event: 27508.994 GC heap before
{Heap before GC invocations=16476 (full 426):
 PSYoungGen      total 12800K, used 12336K [0x00000000d5580000, 0x00000000d6580000, 0x0000000100000000)
  eden space 10752K, 100% used [0x00000000d5580000,0x00000000d6000000,0x00000000d6000000)
  from space 2048K, 77% used [0x00000000d6000000,0x00000000d618c348,0x00000000d6200000)
  to   space 2048K, 0% used [0x00000000d6380000,0x00000000d6380000,0x00000000d6580000)
 ParOldGen       total 173568K, used 167363K [0x0000000080000000, 0x000000008a980000, 0x00000000d5580000)
  object space 173568K, 96% used [0x0000000080000000,0x000000008a370dd0,0x000000008a980000)
 Metaspace       used 94631K, committed 95936K, reserved 1179648K
  class space    used 9202K, committed 9792K, reserved 1048576K
}
Event: 27508.995 GC heap after
{Heap after GC invocations=16476 (full 426):
 PSYoungGen      total 13824K, used 1684K [0x00000000d5580000, 0x00000000d6580000, 0x0000000100000000)
  eden space 11776K, 0% used [0x00000000d5580000,0x00000000d5580000,0x00000000d6100000)
  from space 2048K, 82% used [0x00000000d6380000,0x00000000d6525200,0x00000000d6580000)
  to   space 2048K, 0% used [0x00000000d6180000,0x00000000d6180000,0x00000000d6380000)
 ParOldGen       total 173568K, used 167363K [0x0000000080000000, 0x000000008a980000, 0x00000000d5580000)
  object space 173568K, 96% used [0x0000000080000000,0x000000008a370dd0,0x000000008a980000)
 Metaspace       used 94631K, committed 95936K, reserved 1179648K
  class space    used 9202K, committed 9792K, reserved 1048576K
}
Event: 27512.988 GC heap before
{Heap before GC invocations=16477 (full 426):
 PSYoungGen      total 13824K, used 13460K [0x00000000d5580000, 0x00000000d6580000, 0x0000000100000000)
  eden space 11776K, 99% used [0x00000000d5580000,0x00000000d60fffe8,0x00000000d6100000)
  from space 2048K, 82% used [0x00000000d6380000,0x00000000d6525200,0x00000000d6580000)
  to   space 2048K, 0% used [0x00000000d6180000,0x00000000d6180000,0x00000000d6380000)
 ParOldGen       total 173568K, used 167363K [0x0000000080000000, 0x000000008a980000, 0x00000000d5580000)
  object space 173568K, 96% used [0x0000000080000000,0x000000008a370dd0,0x000000008a980000)
 Metaspace       used 94631K, committed 95936K, reserved 1179648K
  class space    used 9202K, committed 9792K, reserved 1048576K
}
Event: 27512.989 GC heap after
{Heap after GC invocations=16477 (full 426):
 PSYoungGen      total 13312K, used 1437K [0x00000000d5580000, 0x00000000d6400000, 0x0000000100000000)
  eden space 11776K, 0% used [0x00000000d5580000,0x00000000d5580000,0x00000000d6100000)
  from space 1536K, 93% used [0x00000000d6180000,0x00000000d62e77f0,0x00000000d6300000)
  to   space 1024K, 0% used [0x00000000d6300000,0x00000000d6300000,0x00000000d6400000)
 ParOldGen       total 173568K, used 167363K [0x0000000080000000, 0x000000008a980000, 0x00000000d5580000)
  object space 173568K, 96% used [0x0000000080000000,0x000000008a370dd0,0x000000008a980000)
 Metaspace       used 94631K, committed 95936K, reserved 1179648K
  class space    used 9202K, committed 9792K, reserved 1048576K
}
Event: 27513.001 GC heap before
{Heap before GC invocations=16478 (full 426):
 PSYoungGen      total 13312K, used 13213K [0x00000000d5580000, 0x00000000d6400000, 0x0000000100000000)
  eden space 11776K, 100% used [0x00000000d5580000,0x00000000d6100000,0x00000000d6100000)
  from space 1536K, 93% used [0x00000000d6180000,0x00000000d62e77f0,0x00000000d6300000)
  to   space 1024K, 0% used [0x00000000d6300000,0x00000000d6300000,0x00000000d6400000)
 ParOldGen       total 173568K, used 167363K [0x0000000080000000, 0x000000008a980000, 0x00000000d5580000)
  object space 173568K, 96% used [0x0000000080000000,0x000000008a370dd0,0x000000008a980000)
 Metaspace       used 94637K, committed 95936K, reserved 1179648K
  class space    used 9202K, committed 9792K, reserved 1048576K
}
Event: 27513.002 GC heap after
{Heap after GC invocations=16478 (full 426):
 PSYoungGen      total 11776K, used 1024K [0x00000000d5580000, 0x00000000d6700000, 0x0000000100000000)
  eden space 10752K, 0% used [0x00000000d5580000,0x00000000d5580000,0x00000000d6000000)
  from space 1024K, 100% used [0x00000000d6300000,0x00000000d6400000,0x00000000d6400000)
  to   space 3072K, 0% used [0x00000000d6000000,0x00000000d6000000,0x00000000d6300000)
 ParOldGen       total 173568K, used 168931K [0x0000000080000000, 0x000000008a980000, 0x00000000d5580000)
  object space 173568K, 97% used [0x0000000080000000,0x000000008a4f8fc0,0x000000008a980000)
 Metaspace       used 94637K, committed 95936K, reserved 1179648K
  class space    used 9202K, committed 9792K, reserved 1048576K
}
Event: 27513.015 GC heap before
{Heap before GC invocations=16479 (full 426):
 PSYoungGen      total 11776K, used 11776K [0x00000000d5580000, 0x00000000d6700000, 0x0000000100000000)
  eden space 10752K, 100% used [0x00000000d5580000,0x00000000d6000000,0x00000000d6000000)
  from space 1024K, 100% used [0x00000000d6300000,0x00000000d6400000,0x00000000d6400000)
  to   space 3072K, 0% used [0x00000000d6000000,0x00000000d6000000,0x00000000d6300000)
 ParOldGen       total 173568K, used 168931K [0x0000000080000000, 0x000000008a980000, 0x00000000d5580000)
  object space 173568K, 97% used [0x0000000080000000,0x000000008a4f8fc0,0x000000008a980000)
 Metaspace       used 94637K, committed 95936K, reserved 1179648K
  class space    used 9202K, committed 9792K, reserved 1048576K
}
Event: 27513.015 GC heap after
{Heap after GC invocations=16479 (full 426):
 PSYoungGen      total 12800K, used 1963K [0x00000000d5580000, 0x00000000d6500000, 0x0000000100000000)
  eden space 10752K, 0% used [0x00000000d5580000,0x00000000d5580000,0x00000000d6000000)
  from space 2048K, 95% used [0x00000000d6000000,0x00000000d61eac50,0x00000000d6200000)
  to   space 2560K, 0% used [0x00000000d6280000,0x00000000d6280000,0x00000000d6500000)
 ParOldGen       total 173568K, used 169807K [0x0000000080000000, 0x000000008a980000, 0x00000000d5580000)
  object space 173568K, 97% used [0x0000000080000000,0x000000008a5d3ec0,0x000000008a980000)
 Metaspace       used 94637K, committed 95936K, reserved 1179648K
  class space    used 9202K, committed 9792K, reserved 1048576K
}
Event: 27513.047 GC heap before
{Heap before GC invocations=16480 (full 426):
 PSYoungGen      total 12800K, used 12715K [0x00000000d5580000, 0x00000000d6500000, 0x0000000100000000)
  eden space 10752K, 100% used [0x00000000d5580000,0x00000000d6000000,0x00000000d6000000)
  from space 2048K, 95% used [0x00000000d6000000,0x00000000d61eac50,0x00000000d6200000)
  to   space 2560K, 0% used [0x00000000d6280000,0x00000000d6280000,0x00000000d6500000)
 ParOldGen       total 173568K, used 169807K [0x0000000080000000, 0x000000008a980000, 0x00000000d5580000)
  object space 173568K, 97% used [0x0000000080000000,0x000000008a5d3ec0,0x000000008a980000)
 Metaspace       used 94637K, committed 95936K, reserved 1179648K
  class space    used 9202K, committed 9792K, reserved 1048576K
}
Event: 27513.048 GC heap after
{Heap after GC invocations=16480 (full 426):
 PSYoungGen      total 12288K, used 2544K [0x00000000d5580000, 0x00000000d6700000, 0x0000000100000000)
  eden space 9728K, 0% used [0x00000000d5580000,0x00000000d5580000,0x00000000d5f00000)
  from space 2560K, 99% used [0x00000000d6280000,0x00000000d64fc350,0x00000000d6500000)
  to   space 3584K, 0% used [0x00000000d5f00000,0x00000000d5f00000,0x00000000d6280000)
 ParOldGen       total 173568K, used 170431K [0x0000000080000000, 0x000000008a980000, 0x00000000d5580000)
  object space 173568K, 98% used [0x0000000080000000,0x000000008a66fec0,0x000000008a980000)
 Metaspace       used 94637K, committed 95936K, reserved 1179648K
  class space    used 9202K, committed 9792K, reserved 1048576K
}
Event: 27513.455 GC heap before
{Heap before GC invocations=16481 (full 426):
 PSYoungGen      total 12288K, used 12272K [0x00000000d5580000, 0x00000000d6700000, 0x0000000100000000)
  eden space 9728K, 100% used [0x00000000d5580000,0x00000000d5f00000,0x00000000d5f00000)
  from space 2560K, 99% used [0x00000000d6280000,0x00000000d64fc350,0x00000000d6500000)
  to   space 3584K, 0% used [0x00000000d5f00000,0x00000000d5f00000,0x00000000d6280000)
 ParOldGen       total 173568K, used 170431K [0x0000000080000000, 0x000000008a980000, 0x00000000d5580000)
  object space 173568K, 98% used [0x0000000080000000,0x000000008a66fec0,0x000000008a980000)
 Metaspace       used 94637K, committed 95936K, reserved 1179648K
  class space    used 9202K, committed 9792K, reserved 1048576K
}
Event: 27513.456 GC heap after
{Heap after GC invocations=16481 (full 426):
 PSYoungGen      total 13312K, used 3291K [0x00000000d5580000, 0x00000000d6600000, 0x0000000100000000)
  eden space 9728K, 0% used [0x00000000d5580000,0x00000000d5580000,0x00000000d5f00000)
  from space 3584K, 91% used [0x00000000d5f00000,0x00000000d6236fe8,0x00000000d6280000)
  to   space 3584K, 0% used [0x00000000d6280000,0x00000000d6280000,0x00000000d6600000)
 ParOldGen       total 173568K, used 170681K [0x0000000080000000, 0x000000008a980000, 0x00000000d5580000)
  object space 173568K, 98% used [0x0000000080000000,0x000000008a6ae7c0,0x000000008a980000)
 Metaspace       used 94637K, committed 95936K, reserved 1179648K
  class space    used 9202K, committed 9792K, reserved 1048576K
}
Event: 27513.720 GC heap before
{Heap before GC invocations=16482 (full 426):
 PSYoungGen      total 13312K, used 13019K [0x00000000d5580000, 0x00000000d6600000, 0x0000000100000000)
  eden space 9728K, 100% used [0x00000000d5580000,0x00000000d5f00000,0x00000000d5f00000)
  from space 3584K, 91% used [0x00000000d5f00000,0x00000000d6236fe8,0x00000000d6280000)
  to   space 3584K, 0% used [0x00000000d6280000,0x00000000d6280000,0x00000000d6600000)
 ParOldGen       total 173568K, used 170681K [0x0000000080000000, 0x000000008a980000, 0x00000000d5580000)
  object space 173568K, 98% used [0x0000000080000000,0x000000008a6ae7c0,0x000000008a980000)
 Metaspace       used 94637K, committed 95936K, reserved 1179648K
  class space    used 9202K, committed 9792K, reserved 1048576K
}
Event: 27513.721 GC heap after
{Heap after GC invocations=16482 (full 426):
 PSYoungGen      total 12288K, used 2550K [0x00000000d5580000, 0x00000000d6500000, 0x0000000100000000)
  eden space 9728K, 0% used [0x00000000d5580000,0x00000000d5580000,0x00000000d5f00000)
  from space 2560K, 99% used [0x00000000d6280000,0x00000000d64fd8b0,0x00000000d6500000)
  to   space 3072K, 0% used [0x00000000d5f00000,0x00000000d5f00000,0x00000000d6200000)
 ParOldGen       total 173568K, used 170681K [0x0000000080000000, 0x000000008a980000, 0x00000000d5580000)
  object space 173568K, 98% used [0x0000000080000000,0x000000008a6ae7c0,0x000000008a980000)
 Metaspace       used 94637K, committed 95936K, reserved 1179648K
  class space    used 9202K, committed 9792K, reserved 1048576K
}
Event: 27513.733 GC heap before
{Heap before GC invocations=16483 (full 426):
 PSYoungGen      total 12288K, used 12278K [0x00000000d5580000, 0x00000000d6500000, 0x0000000100000000)
  eden space 9728K, 100% used [0x00000000d5580000,0x00000000d5f00000,0x00000000d5f00000)
  from space 2560K, 99% used [0x00000000d6280000,0x00000000d64fd8b0,0x00000000d6500000)
  to   space 3072K, 0% used [0x00000000d5f00000,0x00000000d5f00000,0x00000000d6200000)
 ParOldGen       total 173568K, used 170681K [0x0000000080000000, 0x000000008a980000, 0x00000000d5580000)
  object space 173568K, 98% used [0x0000000080000000,0x000000008a6ae7c0,0x000000008a980000)
 Metaspace       used 94637K, committed 95936K, reserved 1179648K
  class space    used 9202K, committed 9792K, reserved 1048576K
}
Event: 27513.734 GC heap after
{Heap after GC invocations=16483 (full 426):
 PSYoungGen      total 12800K, used 3054K [0x00000000d5580000, 0x00000000d6700000, 0x0000000100000000)
  eden space 9728K, 0% used [0x00000000d5580000,0x00000000d5580000,0x00000000d5f00000)
  from space 3072K, 99% used [0x00000000d5f00000,0x00000000d61fbb20,0x00000000d6200000)
  to   space 4096K, 0% used [0x00000000d6300000,0x00000000d6300000,0x00000000d6700000)
 ParOldGen       total 173568K, used 171312K [0x0000000080000000, 0x000000008a980000, 0x00000000d5580000)
  object space 173568K, 98% used [0x0000000080000000,0x000000008a74c290,0x000000008a980000)
 Metaspace       used 94637K, committed 95936K, reserved 1179648K
  class space    used 9202K, committed 9792K, reserved 1048576K
}
Event: 27514.183 GC heap before
{Heap before GC invocations=16484 (full 426):
 PSYoungGen      total 12800K, used 12782K [0x00000000d5580000, 0x00000000d6700000, 0x0000000100000000)
  eden space 9728K, 100% used [0x00000000d5580000,0x00000000d5f00000,0x00000000d5f00000)
  from space 3072K, 99% used [0x00000000d5f00000,0x00000000d61fbb20,0x00000000d6200000)
  to   space 4096K, 0% used [0x00000000d6300000,0x00000000d6300000,0x00000000d6700000)
 ParOldGen       total 173568K, used 171312K [0x0000000080000000, 0x000000008a980000, 0x00000000d5580000)
  object space 173568K, 98% used [0x0000000080000000,0x000000008a74c290,0x000000008a980000)
 Metaspace       used 94637K, committed 95936K, reserved 1179648K
  class space    used 9202K, committed 9792K, reserved 1048576K
}
Event: 27514.184 GC heap after
{Heap after GC invocations=16484 (full 426):
 PSYoungGen      total 12288K, used 2239K [0x00000000d5580000, 0x00000000d6580000, 0x0000000100000000)
  eden space 9728K, 0% used [0x00000000d5580000,0x00000000d5580000,0x00000000d5f00000)
  from space 2560K, 87% used [0x00000000d6300000,0x00000000d652fe80,0x00000000d6580000)
  to   space 3072K, 0% used [0x00000000d5f80000,0x00000000d5f80000,0x00000000d6280000)
 ParOldGen       total 173568K, used 173180K [0x0000000080000000, 0x000000008a980000, 0x00000000d5580000)
  object space 173568K, 99% used [0x0000000080000000,0x000000008a91f3a0,0x000000008a980000)
 Metaspace       used 94637K, committed 95936K, reserved 1179648K
  class space    used 9202K, committed 9792K, reserved 1048576K
}
Event: 27514.184 GC heap before
{Heap before GC invocations=16485 (full 427):
 PSYoungGen      total 12288K, used 2239K [0x00000000d5580000, 0x00000000d6580000, 0x0000000100000000)
  eden space 9728K, 0% used [0x00000000d5580000,0x00000000d5580000,0x00000000d5f00000)
  from space 2560K, 87% used [0x00000000d6300000,0x00000000d652fe80,0x00000000d6580000)
  to   space 3072K, 0% used [0x00000000d5f80000,0x00000000d5f80000,0x00000000d6280000)
 ParOldGen       total 173568K, used 173180K [0x0000000080000000, 0x000000008a980000, 0x00000000d5580000)
  object space 173568K, 99% used [0x0000000080000000,0x000000008a91f3a0,0x000000008a980000)
 Metaspace       used 94637K, committed 95936K, reserved 1179648K
  class space    used 9202K, committed 9792K, reserved 1048576K
}

Dll operation events (11 events):
Event: 0.007 Loaded shared library c:\Users\USER\.vscode\extensions\redhat.java-1.28.1-win32-x64\jre\17.0.10-win32-x86_64\bin\java.dll
Event: 0.078 Loaded shared library c:\Users\USER\.vscode\extensions\redhat.java-1.28.1-win32-x64\jre\17.0.10-win32-x86_64\bin\zip.dll
Event: 0.081 Loaded shared library C:\Users\USER\.vscode\extensions\redhat.java-1.28.1-win32-x64\jre\17.0.10-win32-x86_64\bin\instrument.dll
Event: 0.087 Loaded shared library C:\Users\USER\.vscode\extensions\redhat.java-1.28.1-win32-x64\jre\17.0.10-win32-x86_64\bin\net.dll
Event: 0.088 Loaded shared library C:\Users\USER\.vscode\extensions\redhat.java-1.28.1-win32-x64\jre\17.0.10-win32-x86_64\bin\nio.dll
Event: 0.091 Loaded shared library C:\Users\USER\.vscode\extensions\redhat.java-1.28.1-win32-x64\jre\17.0.10-win32-x86_64\bin\zip.dll
Event: 0.101 Loaded shared library C:\Users\USER\.vscode\extensions\redhat.java-1.28.1-win32-x64\jre\17.0.10-win32-x86_64\bin\jimage.dll
Event: 0.126 Loaded shared library c:\Users\USER\.vscode\extensions\redhat.java-1.28.1-win32-x64\jre\17.0.10-win32-x86_64\bin\verify.dll
Event: 0.530 Loaded shared library C:\Users\USER\AppData\Roaming\Code\User\globalStorage\redhat.java\1.28.1\config_win\org.eclipse.equinox.launcher\org.eclipse.equinox.launcher.win32.win32.x86_64_1.2.900.v20240129-1338\eclipse_11900.dll
Event: 1.773 Loaded shared library C:\Users\USER\AppData\Local\Temp\jna-2614219\jna10779562331366418489.dll
Event: 2074.636 Loaded shared library C:\Users\USER\.vscode\extensions\redhat.java-1.28.1-win32-x64\jre\17.0.10-win32-x86_64\bin\extnet.dll

Deoptimization events (20 events):
Event: 27503.695 Thread 0x00000269ba96d180 Uncommon trap: trap_request=0xffffffde fr.pc=0x000002699af53684 relative=0x0000000000003324
Event: 27503.695 Thread 0x00000269ba96d180 Uncommon trap: reason=class_check action=maybe_recompile pc=0x000002699af53684 method=org.eclipse.jdt.core.search.SearchPattern.acceptMatch(Ljava/lang/String;Ljava/lang/String;CLorg/eclipse/jdt/core/search/SearchPattern;Lorg/eclipse/jdt/internal/core/sear
Event: 27503.695 Thread 0x00000269ba96d180 DEOPT PACKING pc=0x000002699af53684 sp=0x000000a0a5dfdc60
Event: 27503.695 Thread 0x00000269ba96d180 DEOPT UNPACKING pc=0x00000269997866a3 sp=0x000000a0a5dfdc20 mode 2
Event: 27503.719 Thread 0x00000269ba96d180 Uncommon trap: trap_request=0xffffff45 fr.pc=0x000002699ba593e8 relative=0x0000000000000a48
Event: 27503.719 Thread 0x00000269ba96d180 Uncommon trap: reason=unstable_if action=reinterpret pc=0x000002699ba593e8 method=org.eclipse.jdt.internal.core.hierarchy.HierarchyResolver.remember(Lorg/eclipse/jdt/core/IType;Lorg/eclipse/jdt/internal/compiler/lookup/ReferenceBinding;)V @ 12 c2
Event: 27503.720 Thread 0x00000269ba96d180 DEOPT PACKING pc=0x000002699ba593e8 sp=0x000000a0a5dfdea0
Event: 27503.720 Thread 0x00000269ba96d180 DEOPT UNPACKING pc=0x00000269997866a3 sp=0x000000a0a5dfdd28 mode 2
Event: 27503.721 Thread 0x00000269ba96d180 Uncommon trap: trap_request=0xffffff45 fr.pc=0x000002699b529354 relative=0x0000000000000f74
Event: 27503.721 Thread 0x00000269ba96d180 Uncommon trap: reason=unstable_if action=reinterpret pc=0x000002699b529354 method=org.eclipse.jdt.internal.compiler.lookup.SourceTypeBinding.methods()[Lorg/eclipse/jdt/internal/compiler/lookup/MethodBinding; @ 77 c2
Event: 27503.721 Thread 0x00000269ba96d180 DEOPT PACKING pc=0x000002699b529354 sp=0x000000a0a5dfd8d0
Event: 27503.721 Thread 0x00000269ba96d180 DEOPT UNPACKING pc=0x00000269997866a3 sp=0x000000a0a5dfd810 mode 2
Event: 27503.726 Thread 0x00000269ba96d180 Uncommon trap: trap_request=0xffffff45 fr.pc=0x000002699b3b4448 relative=0x00000000000000a8
Event: 27503.726 Thread 0x00000269ba96d180 Uncommon trap: reason=unstable_if action=reinterpret pc=0x000002699b3b4448 method=org.eclipse.jdt.internal.core.hierarchy.HierarchyResolver.subOrSuperOfFocus(Lorg/eclipse/jdt/internal/compiler/lookup/ReferenceBinding;)Z @ 39 c2
Event: 27503.726 Thread 0x00000269ba96d180 DEOPT PACKING pc=0x000002699b3b4448 sp=0x000000a0a5dfde70
Event: 27503.726 Thread 0x00000269ba96d180 DEOPT UNPACKING pc=0x00000269997866a3 sp=0x000000a0a5dfddf8 mode 2
Event: 27503.730 Thread 0x00000269ba96d180 DEOPT PACKING pc=0x000002699266eee3 sp=0x000000a0a5dfe810
Event: 27503.730 Thread 0x00000269ba96d180 DEOPT UNPACKING pc=0x0000026999786e43 sp=0x000000a0a5dfdc40 mode 0
Event: 27505.457 Thread 0x00000269ba971350 DEOPT PACKING pc=0x000002699258fff4 sp=0x000000a0a5afd7a0
Event: 27505.457 Thread 0x00000269ba971350 DEOPT UNPACKING pc=0x0000026999786e43 sp=0x000000a0a5afcca0 mode 0

Classes unloaded (20 events):
Event: 25237.237 Thread 0x000002698f6feb80 Unloading class 0x0000000100771c00 'java/lang/invoke/LambdaForm$MH+0x0000000100771c00'
Event: 25237.237 Thread 0x000002698f6feb80 Unloading class 0x0000000100771800 'java/lang/invoke/LambdaForm$MH+0x0000000100771800'
Event: 25237.237 Thread 0x000002698f6feb80 Unloading class 0x0000000100771400 'java/lang/invoke/LambdaForm$MH+0x0000000100771400'
Event: 25237.237 Thread 0x000002698f6feb80 Unloading class 0x0000000100771000 'java/lang/invoke/LambdaForm$MH+0x0000000100771000'
Event: 25237.237 Thread 0x000002698f6feb80 Unloading class 0x00000001002d4c00 'jdk/internal/reflect/GeneratedSerializationConstructorAccessor3'
Event: 25237.237 Thread 0x000002698f6feb80 Unloading class 0x00000001002d4800 'jdk/internal/reflect/GeneratedSerializationConstructorAccessor2'
Event: 25237.237 Thread 0x000002698f6feb80 Unloading class 0x00000001002d4400 'jdk/internal/reflect/GeneratedSerializationConstructorAccessor1'
Event: 25237.237 Thread 0x000002698f6feb80 Unloading class 0x0000000100271c00 'java/lang/invoke/LambdaForm$MH+0x0000000100271c00'
Event: 25237.237 Thread 0x000002698f6feb80 Unloading class 0x0000000100271800 'java/lang/invoke/LambdaForm$MH+0x0000000100271800'
Event: 25237.237 Thread 0x000002698f6feb80 Unloading class 0x0000000100271000 'java/lang/invoke/LambdaForm$MH+0x0000000100271000'
Event: 25237.237 Thread 0x000002698f6feb80 Unloading class 0x000000010021e400 'java/lang/invoke/LambdaForm$MH+0x000000010021e400'
Event: 25237.237 Thread 0x000002698f6feb80 Unloading class 0x000000010021e000 'java/lang/invoke/LambdaForm$MH+0x000000010021e000'
Event: 25237.237 Thread 0x000002698f6feb80 Unloading class 0x000000010021dc00 'java/lang/invoke/LambdaForm$MH+0x000000010021dc00'
Event: 25237.237 Thread 0x000002698f6feb80 Unloading class 0x000000010021d800 'java/lang/invoke/LambdaForm$MH+0x000000010021d800'
Event: 25237.237 Thread 0x000002698f6feb80 Unloading class 0x0000000100199c00 'java/lang/invoke/LambdaForm$MH+0x0000000100199c00'
Event: 25237.237 Thread 0x000002698f6feb80 Unloading class 0x0000000100199400 'java/lang/invoke/LambdaForm$MH+0x0000000100199400'
Event: 25237.237 Thread 0x000002698f6feb80 Unloading class 0x0000000100199000 'java/lang/invoke/LambdaForm$MH+0x0000000100199000'
Event: 25237.237 Thread 0x000002698f6feb80 Unloading class 0x0000000100198c00 'java/lang/invoke/LambdaForm$MH+0x0000000100198c00'
Event: 25237.237 Thread 0x000002698f6feb80 Unloading class 0x0000000100198800 'java/lang/invoke/LambdaForm$MH+0x0000000100198800'
Event: 25237.237 Thread 0x000002698f6feb80 Unloading class 0x0000000100198000 'java/lang/invoke/LambdaForm$MH+0x0000000100198000'

Classes redefined (0 events):
No events

Internal exceptions (20 events):
Event: 27424.787 Thread 0x00000269adc53260 Exception <a 'java/lang/ClassNotFoundException'{0x00000000d59062c8}: sun/net/www/protocol/jdt/Handler> (0x00000000d59062c8) 
thrown [s\src\hotspot\share\classfile\systemDictionary.cpp, line 256]
Event: 27424.787 Thread 0x00000269adc53260 Exception <a 'java/lang/ClassNotFoundException'{0x00000000d59087e8}: sun/net/www/protocol/jdt/Handler> (0x00000000d59087e8) 
thrown [s\src\hotspot\share\classfile\systemDictionary.cpp, line 256]
Event: 27425.631 Thread 0x00000269ae3d3b90 Exception <a 'java/lang/ClassCastException'{0x00000000d5c4ed58}> (0x00000000d5c4ed58) 
thrown [s\src\hotspot\share\runtime\sharedRuntime.cpp, line 631]
Event: 27425.632 Thread 0x00000269ae3d3b90 Exception <a 'java/lang/ClassCastException'{0x00000000d5d70368}> (0x00000000d5d70368) 
thrown [s\src\hotspot\share\runtime\sharedRuntime.cpp, line 631]
Event: 27425.632 Thread 0x00000269ae3d3b90 Exception <a 'java/lang/ClassCastException'{0x00000000d5d707e0}> (0x00000000d5d707e0) 
thrown [s\src\hotspot\share\runtime\sharedRuntime.cpp, line 631]
Event: 27425.632 Thread 0x00000269ae3d3b90 Exception <a 'java/lang/ClassCastException'{0x00000000d5d70c58}> (0x00000000d5d70c58) 
thrown [s\src\hotspot\share\runtime\sharedRuntime.cpp, line 631]
Event: 27425.662 Thread 0x00000269adc53260 Exception <a 'java/lang/ClassNotFoundException'{0x00000000d5a0bdd0}: sun/net/www/protocol/jdt/Handler> (0x00000000d5a0bdd0) 
thrown [s\src\hotspot\share\classfile\systemDictionary.cpp, line 256]
Event: 27433.543 Thread 0x00000269adc53260 Exception <a 'java/lang/ClassNotFoundException'{0x00000000d5c366d8}: sun/net/www/protocol/jdt/Handler> (0x00000000d5c366d8) 
thrown [s\src\hotspot\share\classfile\systemDictionary.cpp, line 256]
Event: 27433.543 Thread 0x00000269adc53260 Exception <a 'java/lang/ClassNotFoundException'{0x00000000d5c38610}: sun/net/www/protocol/jdt/Handler> (0x00000000d5c38610) 
thrown [s\src\hotspot\share\classfile\systemDictionary.cpp, line 256]
Event: 27433.543 Thread 0x00000269adc53260 Exception <a 'java/lang/ClassNotFoundException'{0x00000000d5c3ad88}: sun/net/www/protocol/jdt/Handler> (0x00000000d5c3ad88) 
thrown [s\src\hotspot\share\classfile\systemDictionary.cpp, line 256]
Event: 27433.543 Thread 0x00000269adc53260 Exception <a 'java/lang/ClassNotFoundException'{0x00000000d5c3cd28}: sun/net/www/protocol/jdt/Handler> (0x00000000d5c3cd28) 
thrown [s\src\hotspot\share\classfile\systemDictionary.cpp, line 256]
Event: 27433.543 Thread 0x00000269adc53260 Exception <a 'java/lang/ClassNotFoundException'{0x00000000d5c41ce0}: sun/net/www/protocol/jdt/Handler> (0x00000000d5c41ce0) 
thrown [s\src\hotspot\share\classfile\systemDictionary.cpp, line 256]
Event: 27433.543 Thread 0x00000269adc53260 Exception <a 'java/lang/ClassNotFoundException'{0x00000000d5c43f90}: sun/net/www/protocol/jdt/Handler> (0x00000000d5c43f90) 
thrown [s\src\hotspot\share\classfile\systemDictionary.cpp, line 256]
Event: 27433.543 Thread 0x00000269adc53260 Exception <a 'java/lang/ClassNotFoundException'{0x00000000d5c46260}: sun/net/www/protocol/jdt/Handler> (0x00000000d5c46260) 
thrown [s\src\hotspot\share\classfile\systemDictionary.cpp, line 256]
Event: 27433.543 Thread 0x00000269adc53260 Exception <a 'java/lang/ClassNotFoundException'{0x00000000d5c48558}: sun/net/www/protocol/jdt/Handler> (0x00000000d5c48558) 
thrown [s\src\hotspot\share\classfile\systemDictionary.cpp, line 256]
Event: 27433.543 Thread 0x00000269adc53260 Exception <a 'java/lang/ClassNotFoundException'{0x00000000d5c4a828}: sun/net/www/protocol/jdt/Handler> (0x00000000d5c4a828) 
thrown [s\src\hotspot\share\classfile\systemDictionary.cpp, line 256]
Event: 27503.674 Thread 0x00000269ba96d180 Implicit null exception at 0x000002699bb7d8a0 to 0x000002699bb7e4e4
Event: 27503.674 Thread 0x00000269ba96d180 Implicit null exception at 0x000002699bb7fb90 to 0x000002699bb80784
Event: 27505.507 Thread 0x00000269ae3d5f00 Exception <a 'sun/nio/fs/WindowsException'{0x00000000d55a5000}> (0x00000000d55a5000) 
thrown [s\src\hotspot\share\prims\jni.cpp, line 516]
Event: 27505.731 Thread 0x00000269ae3d5f00 Exception <a 'sun/nio/fs/WindowsException'{0x00000000d55c7090}> (0x00000000d55c7090) 
thrown [s\src\hotspot\share\prims\jni.cpp, line 516]

VM Operations (20 events):
Event: 27508.825 Executing VM operation: ParallelGCFailedAllocation done
Event: 27508.977 Executing VM operation: ParallelGCFailedAllocation
Event: 27508.978 Executing VM operation: ParallelGCFailedAllocation done
Event: 27508.994 Executing VM operation: ParallelGCFailedAllocation
Event: 27508.995 Executing VM operation: ParallelGCFailedAllocation done
Event: 27512.988 Executing VM operation: ParallelGCFailedAllocation
Event: 27512.989 Executing VM operation: ParallelGCFailedAllocation done
Event: 27513.001 Executing VM operation: ParallelGCFailedAllocation
Event: 27513.002 Executing VM operation: ParallelGCFailedAllocation done
Event: 27513.015 Executing VM operation: ParallelGCFailedAllocation
Event: 27513.015 Executing VM operation: ParallelGCFailedAllocation done
Event: 27513.047 Executing VM operation: ParallelGCFailedAllocation
Event: 27513.048 Executing VM operation: ParallelGCFailedAllocation done
Event: 27513.455 Executing VM operation: ParallelGCFailedAllocation
Event: 27513.456 Executing VM operation: ParallelGCFailedAllocation done
Event: 27513.720 Executing VM operation: ParallelGCFailedAllocation
Event: 27513.721 Executing VM operation: ParallelGCFailedAllocation done
Event: 27513.733 Executing VM operation: ParallelGCFailedAllocation
Event: 27513.734 Executing VM operation: ParallelGCFailedAllocation done
Event: 27514.183 Executing VM operation: ParallelGCFailedAllocation

Events (20 events):
Event: 27406.930 Thread 0x00000269aab37170 flushing nmethod 0x00000269949dbe10
Event: 27406.930 Thread 0x00000269aab37170 flushing nmethod 0x00000269949f4210
Event: 27406.930 Thread 0x00000269aab37170 flushing nmethod 0x00000269949fd510
Event: 27406.930 Thread 0x00000269aab37170 flushing nmethod 0x0000026994a32a90
Event: 27406.930 Thread 0x00000269aab37170 flushing nmethod 0x0000026994a47310
Event: 27406.930 Thread 0x00000269aab37170 flushing nmethod 0x0000026994a78d10
Event: 27406.930 Thread 0x00000269aab37170 flushing nmethod 0x0000026994b00510
Event: 27406.930 Thread 0x00000269aab37170 flushing nmethod 0x0000026994b6e590
Event: 27406.930 Thread 0x00000269aab37170 flushing nmethod 0x0000026994bd9110
Event: 27406.930 Thread 0x00000269aab37170 flushing nmethod 0x0000026994c13e90
Event: 27432.513 Thread 0x00000269adc53c80 Thread added: 0x00000269adc53c80
Event: 27432.515 Thread 0x00000269adc53c80 Thread exited: 0x00000269adc53c80
Event: 27497.311 Thread 0x00000269adc53260 Thread exited: 0x00000269adc53260
Event: 27498.544 Thread 0x00000269adc56a10 Thread added: 0x00000269adc56a10
Event: 27503.720 Thread 0x00000269aab37170 flushing nmethod 0x0000026994558d90
Event: 27503.720 Thread 0x00000269aab37170 flushing nmethod 0x0000026994563110
Event: 27505.497 Thread 0x00000269bc076460 Thread added: 0x00000269bc076460
Event: 27505.727 Thread 0x00000269adc56500 Thread added: 0x00000269adc56500
Event: 27505.738 Thread 0x00000269adc56500 Thread exited: 0x00000269adc56500
Event: 27511.229 Thread 0x00000269bc076460 Thread exited: 0x00000269bc076460


Dynamic libraries:
0x00007ff785300000 - 0x00007ff78530e000 	c:\Users\USER\.vscode\extensions\redhat.java-1.28.1-win32-x64\jre\17.0.10-win32-x86_64\bin\java.exe
0x00007ff93d4f0000 - 0x00007ff93d707000 	C:\WINDOWS\SYSTEM32\ntdll.dll
0x00007ff93b740000 - 0x00007ff93b804000 	C:\WINDOWS\System32\KERNEL32.DLL
0x00007ff93abe0000 - 0x00007ff93af86000 	C:\WINDOWS\System32\KERNELBASE.dll
0x00007ff93a9c0000 - 0x00007ff93aad1000 	C:\WINDOWS\System32\ucrtbase.dll
0x00007ff925e90000 - 0x00007ff925eab000 	c:\Users\USER\.vscode\extensions\redhat.java-1.28.1-win32-x64\jre\17.0.10-win32-x86_64\bin\VCRUNTIME140.dll
0x00007ff925e00000 - 0x00007ff925e17000 	c:\Users\USER\.vscode\extensions\redhat.java-1.28.1-win32-x64\jre\17.0.10-win32-x86_64\bin\jli.dll
0x00007ff93c4c0000 - 0x00007ff93c66e000 	C:\WINDOWS\System32\USER32.dll
0x00007ff93ab10000 - 0x00007ff93ab36000 	C:\WINDOWS\System32\win32u.dll
0x00007ff93b500000 - 0x00007ff93b529000 	C:\WINDOWS\System32\GDI32.dll
0x00007ff93a830000 - 0x00007ff93a948000 	C:\WINDOWS\System32\gdi32full.dll
0x00007ff939a80000 - 0x00007ff939d13000 	C:\WINDOWS\WinSxS\amd64_microsoft.windows.common-controls_6595b64144ccf1df_6.0.22621.2506_none_270c5ae97388e100\COMCTL32.dll
0x00007ff93ab40000 - 0x00007ff93abda000 	C:\WINDOWS\System32\msvcp_win.dll
0x00007ff93b8c0000 - 0x00007ff93b967000 	C:\WINDOWS\System32\msvcrt.dll
0x00007ff93bb90000 - 0x00007ff93bbc1000 	C:\WINDOWS\System32\IMM32.DLL
0x00007ff936b90000 - 0x00007ff936b9c000 	c:\Users\USER\.vscode\extensions\redhat.java-1.28.1-win32-x64\jre\17.0.10-win32-x86_64\bin\vcruntime140_1.dll
0x00007ff91e650000 - 0x00007ff91e6dd000 	c:\Users\USER\.vscode\extensions\redhat.java-1.28.1-win32-x64\jre\17.0.10-win32-x86_64\bin\msvcp140.dll
0x00007ff8d97c0000 - 0x00007ff8da422000 	c:\Users\USER\.vscode\extensions\redhat.java-1.28.1-win32-x64\jre\17.0.10-win32-x86_64\bin\server\jvm.dll
0x00007ff93ca70000 - 0x00007ff93cb23000 	C:\WINDOWS\System32\ADVAPI32.dll
0x00007ff93b810000 - 0x00007ff93b8b8000 	C:\WINDOWS\System32\sechost.dll
0x00007ff93aae0000 - 0x00007ff93ab08000 	C:\WINDOWS\System32\bcrypt.dll
0x00007ff93c670000 - 0x00007ff93c787000 	C:\WINDOWS\System32\RPCRT4.dll
0x00007ff921530000 - 0x00007ff921539000 	C:\WINDOWS\SYSTEM32\WSOCK32.dll
0x00007ff93b260000 - 0x00007ff93b2d1000 	C:\WINDOWS\System32\WS2_32.dll
0x00007ff93a390000 - 0x00007ff93a3dd000 	C:\WINDOWS\SYSTEM32\POWRPROF.dll
0x00007ff9314e0000 - 0x00007ff931514000 	C:\WINDOWS\SYSTEM32\WINMM.dll
0x00007ff932de0000 - 0x00007ff932dea000 	C:\WINDOWS\SYSTEM32\VERSION.dll
0x00007ff939d50000 - 0x00007ff939d63000 	C:\WINDOWS\SYSTEM32\UMPDC.dll
0x00007ff9391b0000 - 0x00007ff9391c8000 	C:\WINDOWS\SYSTEM32\kernel.appcore.dll
0x00007ff936b40000 - 0x00007ff936b4a000 	c:\Users\USER\.vscode\extensions\redhat.java-1.28.1-win32-x64\jre\17.0.10-win32-x86_64\bin\jimage.dll
0x00007ff93a150000 - 0x00007ff93a383000 	C:\WINDOWS\SYSTEM32\DBGHELP.DLL
0x00007ff93d060000 - 0x00007ff93d3e9000 	C:\WINDOWS\System32\combase.dll
0x00007ff93b3f0000 - 0x00007ff93b4c7000 	C:\WINDOWS\System32\OLEAUT32.dll
0x00007ff93a040000 - 0x00007ff93a072000 	C:\WINDOWS\SYSTEM32\dbgcore.DLL
0x00007ff93b1c0000 - 0x00007ff93b23a000 	C:\WINDOWS\System32\bcryptPrimitives.dll
0x00007ff925d80000 - 0x00007ff925d8e000 	c:\Users\USER\.vscode\extensions\redhat.java-1.28.1-win32-x64\jre\17.0.10-win32-x86_64\bin\instrument.dll
0x00007ff925be0000 - 0x00007ff925c05000 	c:\Users\USER\.vscode\extensions\redhat.java-1.28.1-win32-x64\jre\17.0.10-win32-x86_64\bin\java.dll
0x00007ff925ce0000 - 0x00007ff925cf8000 	c:\Users\USER\.vscode\extensions\redhat.java-1.28.1-win32-x64\jre\17.0.10-win32-x86_64\bin\zip.dll
0x00007ff93bbd0000 - 0x00007ff93c42b000 	C:\WINDOWS\System32\SHELL32.dll
0x00007ff9380c0000 - 0x00007ff9389b6000 	C:\WINDOWS\SYSTEM32\windows.storage.dll
0x00007ff937f80000 - 0x00007ff9380be000 	C:\WINDOWS\SYSTEM32\wintypes.dll
0x00007ff93c790000 - 0x00007ff93c883000 	C:\WINDOWS\System32\SHCORE.dll
0x00007ff93b6e0000 - 0x00007ff93b73e000 	C:\WINDOWS\System32\shlwapi.dll
0x00007ff93a760000 - 0x00007ff93a786000 	C:\WINDOWS\SYSTEM32\profapi.dll
0x00007ff9219c0000 - 0x00007ff9219d9000 	C:\Users\USER\.vscode\extensions\redhat.java-1.28.1-win32-x64\jre\17.0.10-win32-x86_64\bin\net.dll
0x00007ff9343c0000 - 0x00007ff9344f7000 	C:\WINDOWS\SYSTEM32\WINHTTP.dll
0x00007ff939650000 - 0x00007ff9396b9000 	C:\WINDOWS\system32\mswsock.dll
0x00007ff91ef50000 - 0x00007ff91ef66000 	C:\Users\USER\.vscode\extensions\redhat.java-1.28.1-win32-x64\jre\17.0.10-win32-x86_64\bin\nio.dll
0x00007ff925890000 - 0x00007ff9258a0000 	c:\Users\USER\.vscode\extensions\redhat.java-1.28.1-win32-x64\jre\17.0.10-win32-x86_64\bin\verify.dll
0x00007ff90a890000 - 0x00007ff90a8ce000 	C:\Users\USER\AppData\Roaming\Code\User\globalStorage\redhat.java\1.28.1\config_win\org.eclipse.equinox.launcher\org.eclipse.equinox.launcher.win32.win32.x86_64_1.2.900.v20240129-1338\eclipse_11900.dll
0x00007ff93b540000 - 0x00007ff93b6e0000 	C:\WINDOWS\System32\ole32.dll
0x00007ff93a4d0000 - 0x00007ff93a4eb000 	C:\WINDOWS\SYSTEM32\CRYPTSP.dll
0x00007ff939170000 - 0x00007ff9391a5000 	C:\WINDOWS\system32\rsaenh.dll
0x00007ff9398c0000 - 0x00007ff9398ec000 	C:\WINDOWS\SYSTEM32\USERENV.dll
0x00007ff9398f0000 - 0x00007ff9398fc000 	C:\WINDOWS\SYSTEM32\CRYPTBASE.dll
0x00007ff938c90000 - 0x00007ff938cbd000 	C:\WINDOWS\SYSTEM32\IPHLPAPI.DLL
0x00007ff93b530000 - 0x00007ff93b539000 	C:\WINDOWS\System32\NSI.dll
0x00007ff934260000 - 0x00007ff934279000 	C:\WINDOWS\SYSTEM32\dhcpcsvc6.DLL
0x00007ff934240000 - 0x00007ff93425f000 	C:\WINDOWS\SYSTEM32\dhcpcsvc.DLL
0x00007ff938d00000 - 0x00007ff938df9000 	C:\WINDOWS\SYSTEM32\DNSAPI.dll
0x00007ff90a480000 - 0x00007ff90a4c5000 	C:\Users\USER\AppData\Local\Temp\jna-2614219\jna10779562331366418489.dll
0x00007ff93b4f0000 - 0x00007ff93b4f8000 	C:\WINDOWS\System32\PSAPI.DLL
0x00007ff90ad80000 - 0x00007ff90ad89000 	C:\Users\USER\.vscode\extensions\redhat.java-1.28.1-win32-x64\jre\17.0.10-win32-x86_64\bin\extnet.dll

dbghelp: loaded successfully - version: 4.0.5 - missing functions: none
symbol engine: initialized successfully - sym options: 0x614 - pdb path: .;c:\Users\USER\.vscode\extensions\redhat.java-1.28.1-win32-x64\jre\17.0.10-win32-x86_64\bin;C:\WINDOWS\SYSTEM32;C:\WINDOWS\WinSxS\amd64_microsoft.windows.common-controls_6595b64144ccf1df_6.0.22621.2506_none_270c5ae97388e100;c:\Users\USER\.vscode\extensions\redhat.java-1.28.1-win32-x64\jre\17.0.10-win32-x86_64\bin\server;C:\Users\USER\AppData\Roaming\Code\User\globalStorage\redhat.java\1.28.1\config_win\org.eclipse.equinox.launcher\org.eclipse.equinox.launcher.win32.win32.x86_64_1.2.900.v20240129-1338;C:\Users\USER\AppData\Local\Temp\jna-2614219

VM Arguments:
jvm_args: --add-modules=ALL-SYSTEM --add-opens=java.base/java.util=ALL-UNNAMED --add-opens=java.base/java.lang=ALL-UNNAMED --add-opens=java.base/sun.nio.fs=ALL-UNNAMED -Declipse.application=org.eclipse.jdt.ls.core.id1 -Dosgi.bundles.defaultStartLevel=4 -Declipse.product=org.eclipse.jdt.ls.core.product -Djava.import.generatesMetadataFilesAtProjectRoot=false -DDetectVMInstallationsJob.disabled=true -Dfile.encoding=utf8 -XX:+UseParallelGC -XX:GCTimeRatio=4 -XX:AdaptiveSizePolicyWeight=90 -Dsun.zip.disableMemoryMapping=true -Xmx2G -Xms100m -Xlog:disable -javaagent:c:\Users\USER\.vscode\extensions\redhat.java-1.28.1-win32-x64\lombok\lombok-1.18.31.jar -XX:+HeapDumpOnOutOfMemoryError -XX:HeapDumpPath=c:\Users\USER\AppData\Roaming\Code\User\workspaceStorage\348ec68ac81c33aba6f0fd2040b2ee88\redhat.java -Daether.dependencyCollector.impl=bf 
java_command: c:\Users\USER\.vscode\extensions\redhat.java-1.28.1-win32-x64\server\plugins\org.eclipse.equinox.launcher_1.6.700.v20231214-2017.jar -configuration c:\Users\USER\AppData\Roaming\Code\User\globalStorage\redhat.java\1.28.1\config_win -data c:\Users\USER\AppData\Roaming\Code\User\workspaceStorage\348ec68ac81c33aba6f0fd2040b2ee88\redhat.java\jdt_ws --stdio
java_class_path (initial): c:\Users\USER\.vscode\extensions\redhat.java-1.28.1-win32-x64\server\plugins\org.eclipse.equinox.launcher_1.6.700.v20231214-2017.jar
Launcher Type: SUN_STANDARD

[Global flags]
    uintx AdaptiveSizePolicyWeight                 = 90                                        {product} {command line}
     intx CICompilerCount                          = 12                                        {product} {ergonomic}
    uintx GCTimeRatio                              = 4                                         {product} {command line}
     bool HeapDumpOnOutOfMemoryError               = true                                   {manageable} {command line}
    ccstr HeapDumpPath                             = c:\Users\USER\AppData\Roaming\Code\User\workspaceStorage\348ec68ac81c33aba6f0fd2040b2ee88\redhat.java         {manageable} {command line}
   size_t InitialHeapSize                          = 104857600                                 {product} {command line}
   size_t MaxHeapSize                              = 2147483648                                {product} {command line}
   size_t MaxNewSize                               = 715653120                                 {product} {ergonomic}
   size_t MinHeapDeltaBytes                        = 524288                                    {product} {ergonomic}
   size_t MinHeapSize                              = 104857600                                 {product} {command line}
   size_t NewSize                                  = 34603008                                  {product} {ergonomic}
    uintx NonNMethodCodeHeapSize                   = 7602480                                {pd product} {ergonomic}
    uintx NonProfiledCodeHeapSize                  = 122027880                              {pd product} {ergonomic}
   size_t OldSize                                  = 70254592                                  {product} {ergonomic}
    uintx ProfiledCodeHeapSize                     = 122027880                              {pd product} {ergonomic}
    uintx ReservedCodeCacheSize                    = 251658240                              {pd product} {ergonomic}
     bool SegmentedCodeCache                       = true                                      {product} {ergonomic}
   size_t SoftMaxHeapSize                          = 2147483648                             {manageable} {ergonomic}
     bool UseCompressedClassPointers               = true                           {product lp64_product} {ergonomic}
     bool UseCompressedOops                        = true                           {product lp64_product} {ergonomic}
     bool UseLargePagesIndividualAllocation        = false                                  {pd product} {ergonomic}
     bool UseParallelGC                            = true                                      {product} {command line}

Logging:
Log output configuration:
 #0: stdout all=off uptime,level,tags
 #1: stderr all=off uptime,level,tags

Environment Variables:
PATH=C:\oraclexe\app\oracle\product\11.2.0\server\bin;C:\Program Files\Common Files\Oracle\Java\javapath;C:\WINDOWS\system32;C:\WINDOWS;C:\WINDOWS\System32\Wbem;C:\WINDOWS\System32\WindowsPowerShell\v1.0\;C:\WINDOWS\System32\OpenSSH\;C:\Program Files (x86)\NVIDIA Corporation\PhysX\Common;C:\Program Files\Git\cmd;C:\Program Files\Bandizip\;C:\Program Files\MySQL\MySQL Server 8.0\bin;C:\Program Files\nodejs\;C:\Program Files\Amazon\AWSCLIV2\;C:\Program Files (x86)\DVC (Data Version Control);C:\Gradle\gradle-8.6\bin;C:\Program Files\MySQL\MySQL Shell 8.0\bin\;C:\Users\USER\AppData\Local\Programs\Python\Python312;C:\Users\USER\AppData\Local\Microsoft\WindowsApps;C:\Users\USER\AppData\Local\GitHubDesktop\bin;C:\Program Files\JetBrains\IntelliJ IDEA 2023.2.2\bin;;C:\Users\USER\AppData\Roaming\npm;C:\Users\USER\AppData\Local\Programs\Microsoft VS Code\bin;
USERNAME=USER
OS=Windows_NT
PROCESSOR_IDENTIFIER=Intel64 Family 6 Model 151 Stepping 2, GenuineIntel
TMP=C:\Users\USER\AppData\Local\Temp
TEMP=C:\Users\USER\AppData\Local\Temp



Periodic native trim disabled


---------------  S Y S T E M  ---------------

OS:
 Windows 11 , 64 bit Build 22621 (10.0.22621.3085)
OS uptime: 0 days 21:38 hours

CPU: total 20 (initial active 20) (10 cores per cpu, 2 threads per core) family 6 model 151 stepping 2 microcode 0x15, cx8, cmov, fxsr, ht, mmx, 3dnowpref, sse, sse2, sse3, ssse3, sse4.1, sse4.2, popcnt, lzcnt, tsc, tscinvbit, avx, avx2, aes, erms, clmul, bmi1, bmi2, adx, sha, fma, vzeroupper, clflush, clflushopt, clwb
Processor Information for processor 0
  Max Mhz: 3610, Current Mhz: 3610, Mhz Limit: 3610
Processor Information for processor 1
  Max Mhz: 3610, Current Mhz: 3610, Mhz Limit: 3610
Processor Information for processor 2
  Max Mhz: 3610, Current Mhz: 3610, Mhz Limit: 3610
Processor Information for processor 3
  Max Mhz: 3610, Current Mhz: 3610, Mhz Limit: 3610
Processor Information for processor 4
  Max Mhz: 3610, Current Mhz: 3610, Mhz Limit: 3610
Processor Information for processor 5
  Max Mhz: 3610, Current Mhz: 3610, Mhz Limit: 3610
Processor Information for processor 6
  Max Mhz: 3610, Current Mhz: 3610, Mhz Limit: 3610
Processor Information for processor 7
  Max Mhz: 3610, Current Mhz: 3610, Mhz Limit: 3610
Processor Information for processor 8
  Max Mhz: 3610, Current Mhz: 3610, Mhz Limit: 3610
Processor Information for processor 9
  Max Mhz: 3610, Current Mhz: 3610, Mhz Limit: 3610
Processor Information for processor 10
  Max Mhz: 3610, Current Mhz: 3610, Mhz Limit: 3610
Processor Information for processor 11
  Max Mhz: 3610, Current Mhz: 3610, Mhz Limit: 3610
Processor Information for processor 12
  Max Mhz: 3610, Current Mhz: 3610, Mhz Limit: 3610
Processor Information for processor 13
  Max Mhz: 3610, Current Mhz: 3610, Mhz Limit: 3610
Processor Information for processor 14
  Max Mhz: 3610, Current Mhz: 3610, Mhz Limit: 3610
Processor Information for processor 15
  Max Mhz: 3610, Current Mhz: 3610, Mhz Limit: 3610
Processor Information for processor 16
  Max Mhz: 3610, Current Mhz: 2707, Mhz Limit: 2707
Processor Information for processor 17
  Max Mhz: 3610, Current Mhz: 2707, Mhz Limit: 2707
Processor Information for processor 18
  Max Mhz: 3610, Current Mhz: 2707, Mhz Limit: 2707
Processor Information for processor 19
  Max Mhz: 3610, Current Mhz: 2707, Mhz Limit: 2707

Memory: 4k page, system-wide physical 32541M (19940M free)
TotalPageFile size 34589M (AvailPageFile size 17434M)
current process WorkingSet (physical memory assigned to process): 513M, peak: 1139M
current process commit charge ("private bytes"): 580M, peak: 1053M

vm_info: OpenJDK 64-Bit Server VM (17.0.10+7) for windows-amd64 JRE (17.0.10+7), built on Jan 16 2024 23:25:11 by "admin" with MS VC++ 16.10 / 16.11 (VS2019)

END.
